22:38:06.787 [graviteeio-node] INFO  i.g.n.c.s.e.PropertiesConfiguration - Loading Gravitee configuration.
22:38:06.800 [graviteeio-node] INFO  i.g.n.c.s.e.PropertiesConfiguration - 	Gravitee configuration loaded from /opt/graviteeio-management-api/config/gravitee.yml
22:38:06.966 [graviteeio-node] INFO  i.g.n.c.s.e.PropertiesConfiguration - Loading Gravitee configuration. DONE
22:38:07.016 [graviteeio-node] INFO  i.g.p.c.s.PluginHandlerBeanFactoryPostProcessor - Loading plugin handlers
22:38:07.039 [graviteeio-node] INFO  i.g.p.c.s.PluginHandlerBeanFactoryPostProcessor - Find 16 plugin handler(s):
22:38:07.043 [graviteeio-node] INFO  i.g.p.c.s.PluginHandlerBeanFactoryPostProcessor - 	io.gravitee.plugin.discovery.internal.ServiceDiscoveryPluginHandler
22:38:07.050 [graviteeio-node] INFO  i.g.p.c.s.PluginHandlerBeanFactoryPostProcessor - 	io.gravitee.plugin.policy.internal.PolicyPluginHandler
22:38:07.051 [graviteeio-node] INFO  i.g.p.c.s.PluginHandlerBeanFactoryPostProcessor - 	io.gravitee.plugin.notifier.internal.NotifierPluginHandler
22:38:07.056 [graviteeio-node] INFO  i.g.p.c.s.PluginHandlerBeanFactoryPostProcessor - 	io.gravitee.node.tracing.plugin.TracingPluginHandler
22:38:07.058 [graviteeio-node] INFO  i.g.p.c.s.PluginHandlerBeanFactoryPostProcessor - 	io.gravitee.node.plugins.service.handler.ServicePluginHandler
22:38:07.060 [graviteeio-node] INFO  i.g.p.c.s.PluginHandlerBeanFactoryPostProcessor - 	io.gravitee.plugin.endpoint.internal.EndpointConnectorPluginHandler
22:38:07.063 [graviteeio-node] INFO  i.g.p.c.s.PluginHandlerBeanFactoryPostProcessor - 	io.gravitee.plugin.repository.internal.RepositoryPluginHandler
22:38:07.065 [graviteeio-node] INFO  i.g.p.c.s.PluginHandlerBeanFactoryPostProcessor - 	io.gravitee.plugin.cockpit.CockpitPluginHandler
22:38:07.067 [graviteeio-node] INFO  i.g.p.c.s.PluginHandlerBeanFactoryPostProcessor - 	io.gravitee.node.reporter.plugin.ReporterPluginHandler
22:38:07.074 [graviteeio-node] INFO  i.g.p.c.s.PluginHandlerBeanFactoryPostProcessor - 	io.gravitee.rest.api.idp.core.plugin.IdentityProviderPluginHandler
22:38:07.080 [graviteeio-node] INFO  i.g.p.c.s.PluginHandlerBeanFactoryPostProcessor - 	io.gravitee.plugin.entrypoint.internal.EntrypointConnectorPluginHandler
22:38:07.082 [graviteeio-node] INFO  i.g.p.c.s.PluginHandlerBeanFactoryPostProcessor - 	io.gravitee.rest.api.service.impl.swagger.policy.PolicyPluginHandler
22:38:07.084 [graviteeio-node] INFO  i.g.p.c.s.PluginHandlerBeanFactoryPostProcessor - 	io.gravitee.plugin.fetcher.internal.FetcherPluginHandler
22:38:07.090 [graviteeio-node] INFO  i.g.p.c.s.PluginHandlerBeanFactoryPostProcessor - 	io.gravitee.plugin.connector.internal.ConnectorPluginHandler
22:38:07.092 [graviteeio-node] INFO  i.g.p.c.s.PluginHandlerBeanFactoryPostProcessor - 	io.gravitee.plugin.alert.internal.AlertPluginHandler
22:38:07.099 [graviteeio-node] INFO  i.g.p.c.s.PluginHandlerBeanFactoryPostProcessor - 	io.gravitee.plugin.resource.internal.ResourcePluginHandler
22:38:09.698 [graviteeio-node] INFO  i.g.c.event.impl.EventManagerImpl - Register new listener GraviteeJavaMailManager for event type class io.gravitee.rest.api.model.parameters.Key
22:38:12.802 [graviteeio-node] INFO  i.g.node.tracing.TracingService - Tracing support is enabled with tracer: name[null]
22:38:13.858 [graviteeio-node] WARN  i.gravitee.common.util.DataEncryptor - 
22:38:13.859 [graviteeio-node] WARN  i.gravitee.common.util.DataEncryptor - ##############################################################
22:38:13.860 [graviteeio-node] WARN  i.gravitee.common.util.DataEncryptor - #                      SECURITY WARNING                      #
22:38:13.861 [graviteeio-node] WARN  i.gravitee.common.util.DataEncryptor - ##############################################################
22:38:13.862 [graviteeio-node] WARN  i.gravitee.common.util.DataEncryptor - 
22:38:13.864 [graviteeio-node] WARN  i.gravitee.common.util.DataEncryptor - You still use the default secret.
22:38:13.865 [graviteeio-node] WARN  i.gravitee.common.util.DataEncryptor - This known secret can be used to access protected information.
22:38:13.866 [graviteeio-node] WARN  i.gravitee.common.util.DataEncryptor - Please customize the 'api.properties.encryption.secret' parameter value, or ask your administrator to do it.
22:38:13.869 [graviteeio-node] WARN  i.gravitee.common.util.DataEncryptor - 
22:38:13.871 [graviteeio-node] WARN  i.gravitee.common.util.DataEncryptor - ##############################################################
22:38:13.872 [graviteeio-node] WARN  i.gravitee.common.util.DataEncryptor - 
22:38:14.402 [graviteeio-node] INFO  i.g.c.event.impl.EventManagerImpl - Register new listener ApplicationAlertEventListener for event type class io.gravitee.rest.api.model.alert.ApplicationAlertEventType
22:38:15.060 [graviteeio-node] INFO  i.g.p.r.i.RepositoryPluginHandler - Loading repository for scope MANAGEMENT: mongodb
22:38:15.061 [graviteeio-node] INFO  i.g.p.r.i.RepositoryPluginHandler - Loading repository for scope ANALYTICS: elasticsearch
22:38:16.108 [graviteeio-node] INFO  i.g.r.a.s.a.i.AuthenticationProviderManagerImpl - Loading authentication providers
22:38:16.208 [graviteeio-node] INFO  org.eclipse.jetty.util.log - Logging initialized @16038ms to org.eclipse.jetty.util.log.Slf4jLog
22:38:16.490 [graviteeio-node] INFO  i.g.node.container.AbstractContainer - Starting Gravitee.io - Rest APIs...
22:38:16.492 [graviteeio-node] INFO  i.g.r.a.s.node.GraviteeApisNode - Gravitee.io - Rest APIs is now starting...
22:38:16.499 [graviteeio-node] INFO  i.g.r.a.s.node.GraviteeApisNode - 	Starting component: LicenseService
22:38:16.501 [graviteeio-node] INFO  i.g.common.service.AbstractService - Initializing service License service
22:38:16.503 [graviteeio-node] INFO  i.g.node.license.LicenseService - No license file found. Some plugins may be disabled
22:38:16.520 [graviteeio-node] INFO  i.g.n.m.h.v.e.ManagementEndpointManagerImpl - Register a new endpoint for Management API: GET /license [io.gravitee.node.license.management.NodeLicenseManagementEndpoint]
22:38:16.533 [graviteeio-node] INFO  i.g.r.a.s.node.GraviteeApisNode - 	Starting component: PluginEventListener
22:38:16.534 [graviteeio-node] INFO  i.g.common.service.AbstractService - Initializing service io.gravitee.plugin.core.internal.PluginEventListener
22:38:16.534 [graviteeio-node] INFO  i.g.c.event.impl.EventManagerImpl - Register new listener PluginEventListener for event type class io.gravitee.plugin.core.api.PluginEvent
22:38:16.535 [graviteeio-node] INFO  i.g.r.a.s.node.GraviteeApisNode - 	Starting component: PluginRegistry
22:38:16.535 [graviteeio-node] INFO  i.g.common.service.AbstractService - Initializing service io.gravitee.plugin.core.internal.PluginRegistryImpl
22:38:16.536 [graviteeio-node] INFO  i.g.p.c.internal.PluginRegistryImpl - Initializing plugin registry.
22:38:16.536 [graviteeio-node] INFO  i.g.p.c.internal.PluginRegistryImpl - Loading plugins from /opt/graviteeio-management-api/plugins
22:38:17.434 [graviteeio-node] INFO  i.g.p.c.internal.PluginRegistryImpl - List of available resource: 
22:38:17.437 [graviteeio-node] INFO  i.g.p.c.internal.PluginRegistryImpl - 	> oauth2-am-resource [2.0.0] has been loaded
22:38:17.438 [graviteeio-node] INFO  i.g.p.c.internal.PluginRegistryImpl - 	> oauth2 [2.0.0] has been loaded
22:38:17.438 [graviteeio-node] INFO  i.g.p.c.internal.PluginRegistryImpl - 	> cache [1.9.0] has been loaded
22:38:17.439 [graviteeio-node] INFO  i.g.p.c.internal.PluginRegistryImpl - List of available policy: 
22:38:17.440 [graviteeio-node] INFO  i.g.p.c.internal.PluginRegistryImpl - 	> message-filtering [1.0.0] has been loaded
22:38:17.441 [graviteeio-node] INFO  i.g.p.c.internal.PluginRegistryImpl - 	> xml-threat-protection [1.3.3] has been loaded
22:38:17.441 [graviteeio-node] INFO  i.g.p.c.internal.PluginRegistryImpl - 	> api-key [3.0.0] has been loaded
22:38:17.442 [graviteeio-node] INFO  i.g.p.c.internal.PluginRegistryImpl - 	> ssl-enforcement [1.2.3] has been loaded
22:38:17.443 [graviteeio-node] INFO  i.g.p.c.internal.PluginRegistryImpl - 	> json-xml [2.0.0] has been loaded
22:38:17.450 [graviteeio-node] INFO  i.g.p.c.internal.PluginRegistryImpl - 	> quota [2.0.0] has been loaded
22:38:17.452 [graviteeio-node] INFO  i.g.p.c.internal.PluginRegistryImpl - 	> policy-http-callout [2.0.1] has been loaded
22:38:17.456 [graviteeio-node] INFO  i.g.p.c.internal.PluginRegistryImpl - 	> resource-filtering [1.8.0] has been loaded
22:38:17.457 [graviteeio-node] INFO  i.g.p.c.internal.PluginRegistryImpl - 	> jwt [3.0.0] has been loaded
22:38:17.458 [graviteeio-node] INFO  i.g.p.c.internal.PluginRegistryImpl - 	> policy-assign-content [1.7.0] has been loaded
22:38:17.458 [graviteeio-node] INFO  i.g.p.c.internal.PluginRegistryImpl - 	> generate-http-signature [1.1.0] has been loaded
22:38:17.459 [graviteeio-node] INFO  i.g.p.c.internal.PluginRegistryImpl - 	> retry [2.1.0] has been loaded
22:38:17.459 [graviteeio-node] INFO  i.g.p.c.internal.PluginRegistryImpl - 	> cache [1.16.0] has been loaded
22:38:17.461 [graviteeio-node] INFO  i.g.p.c.internal.PluginRegistryImpl - 	> xml-json [1.8.3] has been loaded
22:38:17.462 [graviteeio-node] INFO  i.g.p.c.internal.PluginRegistryImpl - 	> policy-override-request-method [1.3.0] has been loaded
22:38:17.466 [graviteeio-node] INFO  i.g.p.c.internal.PluginRegistryImpl - 	> traffic-shadowing [2.0.0] has been loaded
22:38:17.468 [graviteeio-node] INFO  i.g.p.c.internal.PluginRegistryImpl - 	> http-signature [1.5.0] has been loaded
22:38:17.469 [graviteeio-node] INFO  i.g.p.c.internal.PluginRegistryImpl - 	> mock [1.13.0] has been loaded
22:38:17.470 [graviteeio-node] INFO  i.g.p.c.internal.PluginRegistryImpl - 	> html-json [1.6.0] has been loaded
22:38:17.472 [graviteeio-node] INFO  i.g.p.c.internal.PluginRegistryImpl - 	> metrics-reporter [2.0.0] has been loaded
22:38:17.473 [graviteeio-node] INFO  i.g.p.c.internal.PluginRegistryImpl - 	> oauth2 [2.0.1] has been loaded
22:38:17.474 [graviteeio-node] INFO  i.g.p.c.internal.PluginRegistryImpl - 	> spike-arrest [2.0.0] has been loaded
22:38:17.475 [graviteeio-node] INFO  i.g.p.c.internal.PluginRegistryImpl - 	> latency [1.4.0] has been loaded
22:38:17.476 [graviteeio-node] INFO  i.g.p.c.internal.PluginRegistryImpl - 	> policy-request-validation [1.13.2] has been loaded
22:38:17.478 [graviteeio-node] INFO  i.g.p.c.internal.PluginRegistryImpl - 	> policy-openid-userinfo [1.5.2] has been loaded
22:38:17.479 [graviteeio-node] INFO  i.g.p.c.internal.PluginRegistryImpl - 	> regex-threat-protection [1.3.3] has been loaded
22:38:17.482 [graviteeio-node] INFO  i.g.p.c.internal.PluginRegistryImpl - 	> json-threat-protection [1.3.3] has been loaded
22:38:17.486 [graviteeio-node] INFO  i.g.p.c.internal.PluginRegistryImpl - 	> json-to-json [1.7.1] has been loaded
22:38:17.489 [graviteeio-node] INFO  i.g.p.c.internal.PluginRegistryImpl - 	> dynamic-routing [1.11.3] has been loaded
22:38:17.490 [graviteeio-node] INFO  i.g.p.c.internal.PluginRegistryImpl - 	> transform-queryparams [1.6.0] has been loaded
22:38:17.491 [graviteeio-node] INFO  i.g.p.c.internal.PluginRegistryImpl - 	> rbac [1.1.0] has been loaded
22:38:17.492 [graviteeio-node] INFO  i.g.p.c.internal.PluginRegistryImpl - 	> json-validation [1.6.1] has been loaded
22:38:17.493 [graviteeio-node] INFO  i.g.p.c.internal.PluginRegistryImpl - 	> key-less [2.0.0] has been loaded
22:38:17.494 [graviteeio-node] INFO  i.g.p.c.internal.PluginRegistryImpl - 	> ip-filtering [1.9.0] has been loaded
22:38:17.495 [graviteeio-node] INFO  i.g.p.c.internal.PluginRegistryImpl - 	> url-rewriting [1.5.2] has been loaded
22:38:17.496 [graviteeio-node] INFO  i.g.p.c.internal.PluginRegistryImpl - 	> request-content-limit [1.8.0] has been loaded
22:38:17.501 [graviteeio-node] INFO  i.g.p.c.internal.PluginRegistryImpl - 	> rate-limit [2.0.0] has been loaded
22:38:17.505 [graviteeio-node] INFO  i.g.p.c.internal.PluginRegistryImpl - 	> jws [1.3.3] has been loaded
22:38:17.506 [graviteeio-node] INFO  i.g.p.c.internal.PluginRegistryImpl - 	> policy-assign-attributes [1.5.1] has been loaded
22:38:17.509 [graviteeio-node] INFO  i.g.p.c.internal.PluginRegistryImpl - 	> policy-generate-jwt [1.5.0] has been loaded
22:38:17.510 [graviteeio-node] INFO  i.g.p.c.internal.PluginRegistryImpl - 	> transform-headers [1.10.0] has been loaded
22:38:17.511 [graviteeio-node] INFO  i.g.p.c.internal.PluginRegistryImpl - 	> rest-to-soap [1.13.0] has been loaded
22:38:17.512 [graviteeio-node] INFO  i.g.p.c.internal.PluginRegistryImpl - 	> xslt [2.0.0] has been loaded
22:38:17.514 [graviteeio-node] INFO  i.g.p.c.internal.PluginRegistryImpl - 	> xml-validation [1.1.0] has been loaded
22:38:17.514 [graviteeio-node] INFO  i.g.p.c.internal.PluginRegistryImpl - 	> groovy [2.4.1] has been loaded
22:38:17.515 [graviteeio-node] INFO  i.g.p.c.internal.PluginRegistryImpl - List of available service: 
22:38:17.520 [graviteeio-node] INFO  i.g.p.c.internal.PluginRegistryImpl - 	> mgmt-service-sync [3.20.13] has been loaded
22:38:17.525 [graviteeio-node] INFO  i.g.p.c.internal.PluginRegistryImpl - 	> subscriptions-refresher [3.20.13] has been loaded
22:38:17.526 [graviteeio-node] INFO  i.g.p.c.internal.PluginRegistryImpl - 	> search-indexer [3.20.13] has been loaded
22:38:17.527 [graviteeio-node] INFO  i.g.p.c.internal.PluginRegistryImpl - 	> mgmt-service-dictionary [3.20.13] has been loaded
22:38:17.528 [graviteeio-node] INFO  i.g.p.c.internal.PluginRegistryImpl - 	> service-bridge-http-server [3.20.13] has been loaded
22:38:17.530 [graviteeio-node] INFO  i.g.p.c.internal.PluginRegistryImpl - 	> mgmt-service-dynamicproperties [3.20.13] has been loaded
22:38:17.531 [graviteeio-node] INFO  i.g.p.c.internal.PluginRegistryImpl - 	> subscription-expiration-notifier [3.20.13] has been loaded
22:38:17.532 [graviteeio-node] INFO  i.g.p.c.internal.PluginRegistryImpl - 	> auto-fetch [3.20.13] has been loaded
22:38:17.533 [graviteeio-node] INFO  i.g.p.c.internal.PluginRegistryImpl - List of available entrypoint-connector: 
22:38:17.534 [graviteeio-node] INFO  i.g.p.c.internal.PluginRegistryImpl - 	> http-get [3.20.13] has been loaded
22:38:17.535 [graviteeio-node] INFO  i.g.p.c.internal.PluginRegistryImpl - 	> http-post [3.20.13] has been loaded
22:38:17.536 [graviteeio-node] INFO  i.g.p.c.internal.PluginRegistryImpl - 	> websocket [3.20.13] has been loaded
22:38:17.536 [graviteeio-node] INFO  i.g.p.c.internal.PluginRegistryImpl - 	> http-proxy [3.20.13] has been loaded
22:38:17.537 [graviteeio-node] INFO  i.g.p.c.internal.PluginRegistryImpl - 	> sse [3.20.13] has been loaded
22:38:17.537 [graviteeio-node] INFO  i.g.p.c.internal.PluginRegistryImpl - 	> webhook [3.20.13] has been loaded
22:38:17.538 [graviteeio-node] INFO  i.g.p.c.internal.PluginRegistryImpl - List of available repository: 
22:38:17.539 [graviteeio-node] INFO  i.g.p.c.internal.PluginRegistryImpl - 	> repository-elasticsearch [3.20.13] has been loaded
22:38:17.539 [graviteeio-node] INFO  i.g.p.c.internal.PluginRegistryImpl - 	> repository-jdbc [3.20.13] has been loaded
22:38:17.540 [graviteeio-node] INFO  i.g.p.c.internal.PluginRegistryImpl - 	> repository-mongodb [3.20.13] has been loaded
22:38:17.542 [graviteeio-node] INFO  i.g.p.c.internal.PluginRegistryImpl - List of available endpoint-connector: 
22:38:17.543 [graviteeio-node] INFO  i.g.p.c.internal.PluginRegistryImpl - 	> http-proxy [3.20.13] has been loaded
22:38:17.544 [graviteeio-node] INFO  i.g.p.c.internal.PluginRegistryImpl - 	> mock [3.20.13] has been loaded
22:38:17.545 [graviteeio-node] INFO  i.g.p.c.internal.PluginRegistryImpl - 	> mqtt5 [3.20.13] has been loaded
22:38:17.547 [graviteeio-node] INFO  i.g.p.c.internal.PluginRegistryImpl - 	> kafka [3.20.13] has been loaded
22:38:17.548 [graviteeio-node] INFO  i.g.p.c.internal.PluginRegistryImpl - List of available fetcher: 
22:38:17.549 [graviteeio-node] INFO  i.g.p.c.internal.PluginRegistryImpl - 	> gitlab-fetcher [1.11.0] has been loaded
22:38:17.550 [graviteeio-node] INFO  i.g.p.c.internal.PluginRegistryImpl - 	> bitbucket-fetcher [1.7.1] has been loaded
22:38:17.550 [graviteeio-node] INFO  i.g.p.c.internal.PluginRegistryImpl - 	> git-fetcher [1.8.1] has been loaded
22:38:17.551 [graviteeio-node] INFO  i.g.p.c.internal.PluginRegistryImpl - 	> http-fetcher [1.12.0] has been loaded
22:38:17.552 [graviteeio-node] INFO  i.g.p.c.internal.PluginRegistryImpl - 	> github-fetcher [1.6.0] has been loaded
22:38:17.554 [graviteeio-node] INFO  i.g.p.c.internal.PluginRegistryImpl - List of available service_discovery: 
22:38:17.556 [graviteeio-node] INFO  i.g.p.c.internal.PluginRegistryImpl - 	> consul-service-discovery [1.3.0] has been loaded
22:38:17.556 [graviteeio-node] INFO  i.g.p.c.internal.PluginRegistryImpl - List of available alert: 
22:38:17.557 [graviteeio-node] INFO  i.g.p.c.internal.PluginRegistryImpl - 	> alert-engine-connector-ws [2.0.0] has been loaded
22:38:17.558 [graviteeio-node] INFO  i.g.p.c.internal.PluginRegistryImpl - List of available identity_provider: 
22:38:17.561 [graviteeio-node] INFO  i.g.p.c.internal.PluginRegistryImpl - 	> inmemory-idp [3.20.13] has been loaded
22:38:17.565 [graviteeio-node] INFO  i.g.p.c.internal.PluginRegistryImpl - 	> ldap-idp [3.20.13] has been loaded
22:38:17.566 [graviteeio-node] INFO  i.g.p.c.internal.PluginRegistryImpl - 	> gravitee-idp [3.20.13] has been loaded
22:38:17.567 [graviteeio-node] INFO  i.g.p.c.internal.PluginRegistryImpl - List of available notifier: 
22:38:17.568 [graviteeio-node] INFO  i.g.p.c.internal.PluginRegistryImpl - 	> slack-notifier [1.3.0] has been loaded
22:38:17.569 [graviteeio-node] INFO  i.g.p.c.internal.PluginRegistryImpl - 	> webhook-notifier [1.1.0] has been loaded
22:38:17.570 [graviteeio-node] INFO  i.g.p.c.internal.PluginRegistryImpl - 	> email-notifier [1.5.1] has been loaded
22:38:17.570 [graviteeio-node] INFO  i.g.p.c.internal.PluginRegistryImpl - List of available cockpit: 
22:38:17.571 [graviteeio-node] INFO  i.g.p.c.internal.PluginRegistryImpl - 	> cockpit-connectors-ws [3.0.1] has been loaded
22:38:17.573 [graviteeio-node] INFO  i.g.p.c.internal.PluginRegistryImpl - List of available connector: 
22:38:17.576 [graviteeio-node] INFO  i.g.p.c.internal.PluginRegistryImpl - 	> connector-http [2.1.3] has been loaded
22:38:17.577 [graviteeio-node] INFO  i.g.p.c.internal.PluginEventListener - All plugins have been loaded. Installing...
22:38:17.616 [graviteeio-node] INFO  i.g.p.r.i.RepositoryPluginHandler - Register a new repository: repository-mongodb [io.gravitee.repository.mongodb.MongoRepositoryProvider]
22:38:17.643 [graviteeio-node] INFO  i.g.p.r.i.RepositoryPluginHandler - Repository [MANAGEMENT] loaded by mongodb
22:38:20.282 [graviteeio-node] WARN  o.s.data.convert.CustomConversions - Registering converter from class java.time.LocalDateTime to class org.joda.time.LocalDateTime as reading converter although it doesn't convert from a store-supported type; You might want to check your annotation setup at the converter implementation
22:38:22.122 [graviteeio-node] WARN  o.s.data.convert.CustomConversions - Registering converter from class java.time.LocalDateTime to class org.joda.time.LocalDateTime as reading converter although it doesn't convert from a store-supported type; You might want to check your annotation setup at the converter implementation
22:38:22.229 [graviteeio-node] WARN  o.s.data.convert.CustomConversions - Registering converter from class org.bson.BsonUndefined to class java.lang.Object as reading converter although it doesn't convert from a store-supported type; You might want to check your annotation setup at the converter implementation
22:38:22.231 [graviteeio-node] WARN  o.s.data.convert.CustomConversions - Registering converter from class java.time.LocalDateTime to class org.joda.time.LocalDateTime as reading converter although it doesn't convert from a store-supported type; You might want to check your annotation setup at the converter implementation
22:38:25.609 [graviteeio-node] WARN  o.s.data.convert.CustomConversions - Registering converter from class java.time.LocalDateTime to class org.joda.time.LocalDateTime as reading converter although it doesn't convert from a store-supported type; You might want to check your annotation setup at the converter implementation
22:38:25.612 [graviteeio-node] WARN  o.s.data.convert.CustomConversions - Registering converter from class java.time.LocalDateTime to class org.joda.time.LocalDateTime as reading converter although it doesn't convert from a store-supported type; You might want to check your annotation setup at the converter implementation
22:38:25.699 [graviteeio-node] INFO  i.g.p.r.i.RepositoryPluginHandler - Register a new repository: repository-elasticsearch [io.gravitee.repository.elasticsearch.ElasticsearchRepositoryProvider]
22:38:25.721 [graviteeio-node] INFO  i.g.p.r.i.RepositoryPluginHandler - Repository [ANALYTICS] loaded by elasticsearch
22:38:26.597 [vert.x-eventloop-thread-1] ERROR i.g.e.client.http.HttpClient - Unable to get a connection to Elasticsearch: Connection refused: elasticsearch/172.19.0.2:9200
22:38:26.610 [vert.x-eventloop-thread-1] ERROR i.g.e.client.http.HttpClient - Unable to get a connection to Elasticsearch: Connection refused: elasticsearch/172.19.0.2:9200
22:38:31.034 [vert.x-eventloop-thread-2] ERROR i.g.e.client.http.HttpClient - Unable to get a connection to Elasticsearch: Connection refused: elasticsearch/172.19.0.2:9200
22:38:31.609 [vert.x-eventloop-thread-3] ERROR i.g.e.client.http.HttpClient - Unable to get a connection to Elasticsearch: Connection refused: elasticsearch/172.19.0.2:9200
22:38:31.613 [vert.x-eventloop-thread-4] ERROR i.g.e.client.http.HttpClient - Unable to get a connection to Elasticsearch: Connection refused: elasticsearch/172.19.0.2:9200
22:38:36.711 [graviteeio-node] INFO  i.g.p.r.i.RepositoryPluginHandler - Register a new repository: repository-jdbc [io.gravitee.repository.jdbc.JdbcRepositoryProvider]
22:38:36.715 [graviteeio-node] INFO  i.g.p.a.internal.AlertPluginHandler - Install plugin: alert-engine-connector-ws [io.gravitee.ae.connector.ws.WsConnectorPlugin]
22:38:36.949 [graviteeio-node] INFO  i.g.p.cockpit.CockpitPluginHandler - Install plugin: cockpit-connectors-ws [io.gravitee.cockpit.connectors.ws.WebSocketCockpitConnector]
22:38:37.017 [graviteeio-node] INFO  i.g.c.c.c.s.MonitoringCollectorService - Starting monitoring collector service
22:38:37.040 [graviteeio-node] INFO  i.g.common.service.AbstractService - Initializing service io.gravitee.cockpit.connectors.ws.WebSocketCockpitConnector
22:38:37.041 [graviteeio-node] INFO  i.g.c.c.ws.WebSocketCockpitConnector - Cockpit connector is disabled.
22:38:37.042 [graviteeio-node] INFO  i.g.p.f.i.FetcherPluginHandler - Install plugin: bitbucket-fetcher [io.gravitee.fetcher.bitbucket.BitbucketFetcher]
22:38:37.066 [graviteeio-node] INFO  i.g.n.p.s.h.ServicePluginHandler - Install plugin: search-indexer [io.gravitee.rest.api.services.search.ScheduledSearchIndexerService]
22:38:37.099 [graviteeio-node] INFO  i.g.p.d.i.ServiceDiscoveryPluginHandler - Install plugin: consul-service-discovery [io.gravitee.discovery.consul.ConsulServiceDiscovery]
22:38:37.115 [graviteeio-node] INFO  i.g.p.p.internal.PolicyPluginHandler - Install plugin: policy-openid-userinfo [io.gravitee.policy.openid.userinfo.UserInfoPolicy]
22:38:37.127 [graviteeio-node] INFO  i.g.r.a.s.i.s.p.PolicyPluginHandler - Install plugin: policy-openid-userinfo [io.gravitee.policy.openid.userinfo.UserInfoPolicy]
22:38:37.164 [graviteeio-node] INFO  i.g.p.p.internal.PolicyPluginHandler - Install plugin: groovy [io.gravitee.policy.groovy.GroovyPolicy]
22:38:37.190 [graviteeio-node] INFO  i.g.r.a.s.i.s.p.PolicyPluginHandler - Install plugin: groovy [io.gravitee.policy.groovy.GroovyPolicy]
22:38:37.219 [graviteeio-node] INFO  i.g.p.e.i.EntrypointConnectorPluginHandler - Install plugin: sse [io.gravitee.plugin.entrypoint.sse.SseEntrypointConnectorFactory]
22:38:37.236 [graviteeio-node] INFO  i.g.p.e.i.EndpointConnectorPluginHandler - Install plugin: mqtt5 [io.gravitee.plugin.endpoint.mqtt5.Mqtt5EndpointConnectorFactory]
22:38:37.256 [graviteeio-node] INFO  i.g.p.p.internal.PolicyPluginHandler - Install plugin: cache [io.gravitee.policy.cache.CachePolicy]
22:38:37.278 [graviteeio-node] INFO  i.g.r.a.s.i.s.p.PolicyPluginHandler - Install plugin: cache [io.gravitee.policy.cache.CachePolicy]
22:38:37.304 [graviteeio-node] INFO  i.g.p.e.i.EntrypointConnectorPluginHandler - Install plugin: http-proxy [io.gravitee.plugin.entrypoint.http.proxy.HttpProxyEntrypointConnectorFactory]
22:38:37.312 [graviteeio-node] INFO  i.g.p.n.i.NotifierPluginHandler - Install plugin: slack-notifier [io.gravitee.notifier.slack.SlackNotifier]
22:38:37.323 [graviteeio-node] INFO  i.g.p.p.internal.PolicyPluginHandler - Install plugin: traffic-shadowing [io.gravitee.policy.trafficshadowing.TrafficShadowingPolicy]
22:38:37.332 [graviteeio-node] INFO  i.g.r.a.s.i.s.p.PolicyPluginHandler - Install plugin: traffic-shadowing [io.gravitee.policy.trafficshadowing.TrafficShadowingPolicy]
22:38:37.342 [graviteeio-node] INFO  i.g.p.p.internal.PolicyPluginHandler - Install plugin: rest-to-soap [io.gravitee.policy.rest2soap.RestToSoapTransformerPolicy]
22:38:37.349 [graviteeio-node] INFO  i.g.r.a.s.i.s.p.PolicyPluginHandler - Install plugin: rest-to-soap [io.gravitee.policy.rest2soap.RestToSoapTransformerPolicy]
22:38:37.365 [graviteeio-node] INFO  i.g.r.a.s.i.s.p.PolicyPluginHandler - Add a Swagger visitor for policy: idrest-to-soap
22:38:37.367 [graviteeio-node] INFO  i.g.p.p.internal.PolicyPluginHandler - Install plugin: xml-validation [io.gravitee.policy.xmlvalidation.XmlValidationPolicy]
22:38:37.375 [graviteeio-node] INFO  i.g.r.a.s.i.s.p.PolicyPluginHandler - Install plugin: xml-validation [io.gravitee.policy.xmlvalidation.XmlValidationPolicy]
22:38:37.388 [graviteeio-node] INFO  i.g.r.a.s.i.s.p.PolicyPluginHandler - Add a Swagger visitor for policy: idxml-validation
22:38:37.389 [graviteeio-node] INFO  i.g.p.r.i.ResourcePluginHandler - Install plugin: oauth2-am-resource [io.gravitee.resource.oauth2.am.OAuth2AMResource]
22:38:37.398 [graviteeio-node] INFO  i.g.n.p.s.h.ServicePluginHandler - Install plugin: subscriptions-refresher [io.gravitee.rest.api.services.subscriptions.ScheduledSubscriptionsService]
22:38:37.416 [graviteeio-node] INFO  i.g.p.n.i.NotifierPluginHandler - Install plugin: webhook-notifier [io.gravitee.notifier.webhook.WebhookNotifier]
22:38:37.420 [graviteeio-node] INFO  i.g.p.f.i.FetcherPluginHandler - Install plugin: git-fetcher [io.gravitee.fetcher.git.GitFetcher]
22:38:37.427 [graviteeio-node] INFO  i.g.p.p.internal.PolicyPluginHandler - Install plugin: json-threat-protection [io.gravitee.policy.threatprotection.json.JsonThreatProtectionPolicy]
22:38:37.435 [graviteeio-node] INFO  i.g.r.a.s.i.s.p.PolicyPluginHandler - Install plugin: json-threat-protection [io.gravitee.policy.threatprotection.json.JsonThreatProtectionPolicy]
22:38:37.445 [graviteeio-node] INFO  i.g.p.p.internal.PolicyPluginHandler - Install plugin: message-filtering [io.gravitee.policy.messagefiltering.MessageFilteringPolicy]
22:38:37.451 [graviteeio-node] INFO  i.g.r.a.s.i.s.p.PolicyPluginHandler - Install plugin: message-filtering [io.gravitee.policy.messagefiltering.MessageFilteringPolicy]
22:38:37.458 [graviteeio-node] INFO  i.g.p.p.internal.PolicyPluginHandler - Install plugin: latency [io.gravitee.policy.latency.LatencyPolicy]
22:38:37.462 [graviteeio-node] INFO  i.g.r.a.s.i.s.p.PolicyPluginHandler - Install plugin: latency [io.gravitee.policy.latency.LatencyPolicy]
22:38:37.469 [graviteeio-node] INFO  i.g.p.e.i.EntrypointConnectorPluginHandler - Install plugin: webhook [io.gravitee.plugin.entrypoint.webhook.WebhookEntrypointConnectorFactory]
22:38:37.477 [graviteeio-node] INFO  i.g.p.p.internal.PolicyPluginHandler - Install plugin: xml-threat-protection [io.gravitee.policy.threatprotection.xml.XmlThreatProtectionPolicy]
22:38:37.484 [graviteeio-node] INFO  i.g.r.a.s.i.s.p.PolicyPluginHandler - Install plugin: xml-threat-protection [io.gravitee.policy.threatprotection.xml.XmlThreatProtectionPolicy]
22:38:37.493 [graviteeio-node] INFO  i.g.p.p.internal.PolicyPluginHandler - Install plugin: regex-threat-protection [io.gravitee.policy.threatprotection.regex.RegexThreatProtectionPolicy]
22:38:37.499 [graviteeio-node] INFO  i.g.r.a.s.i.s.p.PolicyPluginHandler - Install plugin: regex-threat-protection [io.gravitee.policy.threatprotection.regex.RegexThreatProtectionPolicy]
22:38:37.508 [graviteeio-node] INFO  i.g.p.p.internal.PolicyPluginHandler - Install plugin: retry [io.gravitee.policy.retry.RetryPolicy]
22:38:37.515 [graviteeio-node] INFO  i.g.r.a.s.i.s.p.PolicyPluginHandler - Install plugin: retry [io.gravitee.policy.retry.RetryPolicy]
22:38:37.533 [graviteeio-node] INFO  i.g.p.e.i.EndpointConnectorPluginHandler - Install plugin: mock [io.gravitee.plugin.endpoint.mock.MockEndpointConnectorFactory]
22:38:37.538 [graviteeio-node] INFO  i.g.p.p.internal.PolicyPluginHandler - Install plugin: jws [io.gravitee.policy.jws.JWSPolicy]
22:38:37.555 [graviteeio-node] INFO  i.g.r.a.s.i.s.p.PolicyPluginHandler - Install plugin: jws [io.gravitee.policy.jws.JWSPolicy]
22:38:37.566 [graviteeio-node] INFO  i.g.p.p.internal.PolicyPluginHandler - Install plugin: html-json [io.gravitee.policy.html2Json.HTMLToJSONTransformationPolicy]
22:38:37.575 [graviteeio-node] INFO  i.g.r.a.s.i.s.p.PolicyPluginHandler - Install plugin: html-json [io.gravitee.policy.html2Json.HTMLToJSONTransformationPolicy]
22:38:37.584 [graviteeio-node] INFO  i.g.p.p.internal.PolicyPluginHandler - Install plugin: transform-queryparams [io.gravitee.policy.transformqueryparams.TransformQueryParametersPolicy]
22:38:37.593 [graviteeio-node] INFO  i.g.r.a.s.i.s.p.PolicyPluginHandler - Install plugin: transform-queryparams [io.gravitee.policy.transformqueryparams.TransformQueryParametersPolicy]
22:38:37.603 [graviteeio-node] INFO  i.g.r.a.i.c.p.IdentityProviderPluginHandler - Register a new identity provider plugin: gravitee-idp [io.gravitee.rest.api.idp.repository.RepositoryIdentityProvider]
22:38:37.605 [graviteeio-node] INFO  i.g.p.f.i.FetcherPluginHandler - Install plugin: github-fetcher [io.gravitee.fetcher.github.GitHubFetcher]
22:38:37.610 [graviteeio-node] INFO  i.g.p.p.internal.PolicyPluginHandler - Install plugin: dynamic-routing [io.gravitee.policy.dynamicrouting.DynamicRoutingPolicy]
22:38:37.615 [graviteeio-node] INFO  i.g.r.a.s.i.s.p.PolicyPluginHandler - Install plugin: dynamic-routing [io.gravitee.policy.dynamicrouting.DynamicRoutingPolicy]
22:38:37.621 [graviteeio-node] INFO  i.g.p.e.i.EntrypointConnectorPluginHandler - Install plugin: http-post [io.gravitee.plugin.entrypoint.http.post.HttpPostEntrypointConnectorFactory]
22:38:37.631 [graviteeio-node] INFO  i.g.r.a.i.c.p.IdentityProviderPluginHandler - Register a new identity provider plugin: inmemory-idp [io.gravitee.rest.api.idp.memory.InMemoryIdentityProvider]
22:38:37.632 [graviteeio-node] INFO  i.g.n.p.s.h.ServicePluginHandler - Install plugin: service-bridge-http-server [io.gravitee.repository.bridge.server.BridgeService]
22:38:37.675 [graviteeio-node] INFO  i.g.p.e.i.EndpointConnectorPluginHandler - Install plugin: http-proxy [io.gravitee.plugin.endpoint.http.proxy.HttpProxyEndpointConnectorFactory]
22:38:37.682 [graviteeio-node] INFO  i.g.p.p.internal.PolicyPluginHandler - Install plugin: rbac [io.gravitee.policy.rbac.RoleBasedAccessControlPolicy]
22:38:37.688 [graviteeio-node] INFO  i.g.r.a.s.i.s.p.PolicyPluginHandler - Install plugin: rbac [io.gravitee.policy.rbac.RoleBasedAccessControlPolicy]
22:38:37.695 [graviteeio-node] INFO  i.g.p.p.internal.PolicyPluginHandler - Install plugin: resource-filtering [io.gravitee.policy.resourcefiltering.ResourceFilteringPolicy]
22:38:37.700 [graviteeio-node] INFO  i.g.r.a.s.i.s.p.PolicyPluginHandler - Install plugin: resource-filtering [io.gravitee.policy.resourcefiltering.ResourceFilteringPolicy]
22:38:37.707 [graviteeio-node] INFO  i.g.p.p.internal.PolicyPluginHandler - Install plugin: policy-override-request-method [io.gravitee.policy.overriderequestmethod.OverrideRequestMethodPolicy]
22:38:37.711 [graviteeio-node] INFO  i.g.r.a.s.i.s.p.PolicyPluginHandler - Install plugin: policy-override-request-method [io.gravitee.policy.overriderequestmethod.OverrideRequestMethodPolicy]
22:38:37.717 [graviteeio-node] INFO  i.g.p.f.i.FetcherPluginHandler - Install plugin: http-fetcher [io.gravitee.fetcher.http.HttpFetcher]
22:38:37.722 [graviteeio-node] INFO  i.g.p.p.internal.PolicyPluginHandler - Install plugin: mock [io.gravitee.policy.mock.MockPolicy]
22:38:37.738 [graviteeio-node] INFO  i.g.r.a.s.i.s.p.PolicyPluginHandler - Install plugin: mock [io.gravitee.policy.mock.MockPolicy]
22:38:37.766 [graviteeio-node] INFO  i.g.r.a.s.i.s.p.PolicyPluginHandler - Add a Swagger visitor for policy: idmock
22:38:37.767 [graviteeio-node] INFO  i.g.p.p.internal.PolicyPluginHandler - Install plugin: policy-request-validation [io.gravitee.policy.requestvalidation.RequestValidationPolicy]
22:38:37.775 [graviteeio-node] INFO  i.g.r.a.s.i.s.p.PolicyPluginHandler - Install plugin: policy-request-validation [io.gravitee.policy.requestvalidation.RequestValidationPolicy]
22:38:37.789 [graviteeio-node] INFO  i.g.r.a.s.i.s.p.PolicyPluginHandler - Add a Swagger visitor for policy: idpolicy-request-validation
22:38:37.790 [graviteeio-node] INFO  i.g.p.p.internal.PolicyPluginHandler - Install plugin: xml-json [io.gravitee.policy.xml2json.XmlToJsonTransformationPolicy]
22:38:37.799 [graviteeio-node] INFO  i.g.r.a.s.i.s.p.PolicyPluginHandler - Install plugin: xml-json [io.gravitee.policy.xml2json.XmlToJsonTransformationPolicy]
22:38:37.817 [graviteeio-node] INFO  i.g.r.a.s.i.s.p.PolicyPluginHandler - Add a Swagger visitor for policy: idxml-json
22:38:37.817 [graviteeio-node] INFO  i.g.p.e.i.EndpointConnectorPluginHandler - Install plugin: kafka [io.gravitee.plugin.endpoint.kafka.KafkaEndpointConnectorFactory]
22:38:37.827 [graviteeio-node] INFO  i.g.p.p.internal.PolicyPluginHandler - Install plugin: http-signature [io.gravitee.policy.httpsignature.HttpSignaturePolicy]
22:38:37.832 [graviteeio-node] INFO  i.g.r.a.s.i.s.p.PolicyPluginHandler - Install plugin: http-signature [io.gravitee.policy.httpsignature.HttpSignaturePolicy]
22:38:37.839 [graviteeio-node] INFO  i.g.p.p.internal.PolicyPluginHandler - Install plugin: json-to-json [io.gravitee.policy.json2json.JsonToJsonTransformationPolicy]
22:38:37.844 [graviteeio-node] INFO  i.g.r.a.s.i.s.p.PolicyPluginHandler - Install plugin: json-to-json [io.gravitee.policy.json2json.JsonToJsonTransformationPolicy]
22:38:37.848 [graviteeio-node] INFO  i.g.n.p.s.h.ServicePluginHandler - Install plugin: subscription-expiration-notifier [io.gravitee.rest.api.services.subscriptionpreexpirationnotif.ScheduledSubscriptionPreExpirationNotificationService]
22:38:37.869 [graviteeio-node] INFO  i.g.p.p.internal.PolicyPluginHandler - Install plugin: ssl-enforcement [io.gravitee.policy.sslenforcement.SslEnforcementPolicy]
22:38:37.873 [graviteeio-node] INFO  i.g.r.a.s.i.s.p.PolicyPluginHandler - Install plugin: ssl-enforcement [io.gravitee.policy.sslenforcement.SslEnforcementPolicy]
22:38:37.879 [graviteeio-node] INFO  i.g.p.p.internal.PolicyPluginHandler - Install plugin: api-key [io.gravitee.policy.apikey.ApiKeyPolicy]
22:38:37.883 [graviteeio-node] INFO  i.g.r.a.s.i.s.p.PolicyPluginHandler - Install plugin: api-key [io.gravitee.policy.apikey.ApiKeyPolicy]
22:38:37.889 [graviteeio-node] INFO  i.g.p.p.internal.PolicyPluginHandler - Install plugin: jwt [io.gravitee.policy.jwt.JWTPolicy]
22:38:37.898 [graviteeio-node] INFO  i.g.r.a.s.i.s.p.PolicyPluginHandler - Install plugin: jwt [io.gravitee.policy.jwt.JWTPolicy]
22:38:37.910 [graviteeio-node] INFO  i.g.p.f.i.FetcherPluginHandler - Install plugin: gitlab-fetcher [io.gravitee.fetcher.gitlab.GitlabFetcher]
22:38:37.913 [graviteeio-node] INFO  i.g.p.p.internal.PolicyPluginHandler - Install plugin: rate-limit [io.gravitee.policy.ratelimit.RateLimitPolicy]
22:38:37.918 [graviteeio-node] INFO  i.g.r.a.s.i.s.p.PolicyPluginHandler - Install plugin: rate-limit [io.gravitee.policy.ratelimit.RateLimitPolicy]
22:38:37.923 [graviteeio-node] INFO  i.g.p.p.internal.PolicyPluginHandler - Install plugin: policy-assign-content [io.gravitee.policy.assigncontent.AssignContentPolicy]
22:38:37.930 [graviteeio-node] INFO  i.g.r.a.s.i.s.p.PolicyPluginHandler - Install plugin: policy-assign-content [io.gravitee.policy.assigncontent.AssignContentPolicy]
22:38:37.937 [graviteeio-node] INFO  i.g.p.p.internal.PolicyPluginHandler - Install plugin: policy-generate-jwt [io.gravitee.policy.generatejwt.GenerateJwtPolicy]
22:38:37.942 [graviteeio-node] INFO  i.g.r.a.s.i.s.p.PolicyPluginHandler - Install plugin: policy-generate-jwt [io.gravitee.policy.generatejwt.GenerateJwtPolicy]
22:38:37.949 [graviteeio-node] INFO  i.g.p.p.internal.PolicyPluginHandler - Install plugin: spike-arrest [io.gravitee.policy.spike.SpikeArrestPolicy]
22:38:37.953 [graviteeio-node] INFO  i.g.r.a.s.i.s.p.PolicyPluginHandler - Install plugin: spike-arrest [io.gravitee.policy.spike.SpikeArrestPolicy]
22:38:37.958 [graviteeio-node] INFO  i.g.p.p.internal.PolicyPluginHandler - Install plugin: key-less [io.gravitee.policy.keyless.KeylessPolicy]
22:38:37.961 [graviteeio-node] INFO  i.g.p.p.i.PolicyConfigurationClassFinder - No policy configuration class defined for policy io.gravitee.policy.keyless.KeylessPolicy
22:38:37.962 [graviteeio-node] INFO  i.g.r.a.s.i.s.p.PolicyPluginHandler - Install plugin: key-less [io.gravitee.policy.keyless.KeylessPolicy]
22:38:37.964 [graviteeio-node] INFO  i.g.p.p.i.PolicyConfigurationClassFinder - No policy configuration class defined for policy io.gravitee.policy.keyless.KeylessPolicy
22:38:37.966 [graviteeio-node] INFO  i.g.p.p.internal.PolicyPluginHandler - Install plugin: url-rewriting [io.gravitee.policy.urlrewriting.URLRewritingPolicy]
22:38:37.970 [graviteeio-node] INFO  i.g.r.a.s.i.s.p.PolicyPluginHandler - Install plugin: url-rewriting [io.gravitee.policy.urlrewriting.URLRewritingPolicy]
22:38:37.975 [graviteeio-node] INFO  i.g.r.a.i.c.p.IdentityProviderPluginHandler - Register a new identity provider plugin: ldap-idp [io.gravitee.rest.api.idp.ldap.LdapIdentityProvider]
22:38:37.976 [graviteeio-node] INFO  i.g.p.p.internal.PolicyPluginHandler - Install plugin: policy-assign-attributes [io.gravitee.policy.assignattributes.AssignAttributesPolicy]
22:38:37.980 [graviteeio-node] INFO  i.g.r.a.s.i.s.p.PolicyPluginHandler - Install plugin: policy-assign-attributes [io.gravitee.policy.assignattributes.AssignAttributesPolicy]
22:38:37.985 [graviteeio-node] INFO  i.g.p.e.i.EntrypointConnectorPluginHandler - Install plugin: http-get [io.gravitee.plugin.entrypoint.http.get.HttpGetEntrypointConnectorFactory]
22:38:37.990 [graviteeio-node] INFO  i.g.p.p.internal.PolicyPluginHandler - Install plugin: quota [io.gravitee.policy.quota.QuotaPolicy]
22:38:37.994 [graviteeio-node] INFO  i.g.r.a.s.i.s.p.PolicyPluginHandler - Install plugin: quota [io.gravitee.policy.quota.QuotaPolicy]
22:38:37.999 [graviteeio-node] INFO  i.g.n.p.s.h.ServicePluginHandler - Install plugin: mgmt-service-dynamicproperties [io.gravitee.rest.api.services.dynamicproperties.DynamicPropertiesService]
22:38:38.016 [graviteeio-node] INFO  i.g.p.r.i.ResourcePluginHandler - Install plugin: oauth2 [io.gravitee.resource.oauth2.generic.OAuth2GenericResource]
22:38:38.021 [graviteeio-node] INFO  i.g.p.p.internal.PolicyPluginHandler - Install plugin: ip-filtering [io.gravitee.policy.ipfiltering.IPFilteringPolicy]
22:38:38.025 [graviteeio-node] INFO  i.g.r.a.s.i.s.p.PolicyPluginHandler - Install plugin: ip-filtering [io.gravitee.policy.ipfiltering.IPFilteringPolicy]
22:38:38.030 [graviteeio-node] INFO  i.g.p.p.internal.PolicyPluginHandler - Install plugin: metrics-reporter [io.gravitee.policy.metricsreporter.MetricsReporterPolicy]
22:38:38.036 [graviteeio-node] INFO  i.g.r.a.s.i.s.p.PolicyPluginHandler - Install plugin: metrics-reporter [io.gravitee.policy.metricsreporter.MetricsReporterPolicy]
22:38:38.043 [graviteeio-node] INFO  i.g.p.p.internal.PolicyPluginHandler - Install plugin: json-validation [io.gravitee.policy.jsonvalidation.JsonValidationPolicy]
22:38:38.051 [graviteeio-node] INFO  i.g.r.a.s.i.s.p.PolicyPluginHandler - Install plugin: json-validation [io.gravitee.policy.jsonvalidation.JsonValidationPolicy]
22:38:38.059 [graviteeio-node] INFO  i.g.r.a.s.i.s.p.PolicyPluginHandler - Add a Swagger visitor for policy: idjson-validation
22:38:38.060 [graviteeio-node] INFO  i.g.p.c.i.ConnectorPluginHandler - Install plugin: connector-http [io.gravitee.connector.http.HttpConnectorFactory]
22:38:38.068 [graviteeio-node] INFO  i.g.p.c.i.ConnectorConfigurationClassFinder - No connector configuration class defined for connector io.gravitee.connector.http.HttpConnectorFactory
22:38:38.071 [graviteeio-node] INFO  i.g.p.e.i.EntrypointConnectorPluginHandler - Install plugin: websocket [io.gravitee.plugin.entrypoint.websocket.WebSocketEntrypointConnectorFactory]
22:38:38.077 [graviteeio-node] INFO  i.g.p.p.internal.PolicyPluginHandler - Install plugin: json-xml [io.gravitee.policy.json2xml.JsonToXmlTransformationPolicy]
22:38:38.086 [graviteeio-node] INFO  i.g.r.a.s.i.s.p.PolicyPluginHandler - Install plugin: json-xml [io.gravitee.policy.json2xml.JsonToXmlTransformationPolicy]
22:38:38.101 [graviteeio-node] INFO  i.g.n.p.s.h.ServicePluginHandler - Install plugin: mgmt-service-sync [io.gravitee.rest.api.services.sync.ScheduledSyncService]
22:38:38.140 [graviteeio-node] INFO  i.g.p.p.internal.PolicyPluginHandler - Install plugin: transform-headers [io.gravitee.policy.transformheaders.TransformHeadersPolicy]
22:38:38.144 [graviteeio-node] INFO  i.g.r.a.s.i.s.p.PolicyPluginHandler - Install plugin: transform-headers [io.gravitee.policy.transformheaders.TransformHeadersPolicy]
22:38:38.149 [graviteeio-node] INFO  i.g.p.r.i.ResourcePluginHandler - Install plugin: cache [io.gravitee.resource.cache.InMemoryCacheResource]
22:38:38.152 [graviteeio-node] INFO  i.g.p.p.internal.PolicyPluginHandler - Install plugin: xslt [io.gravitee.policy.xslt.XSLTTransformationPolicy]
22:38:38.156 [graviteeio-node] INFO  i.g.r.a.s.i.s.p.PolicyPluginHandler - Install plugin: xslt [io.gravitee.policy.xslt.XSLTTransformationPolicy]
22:38:38.163 [graviteeio-node] INFO  i.g.p.n.i.NotifierPluginHandler - Install plugin: email-notifier [io.gravitee.notifier.email.EmailNotifier]
22:38:38.167 [graviteeio-node] INFO  i.g.p.p.internal.PolicyPluginHandler - Install plugin: generate-http-signature [io.gravitee.policy.generatehttpsignature.GenerateHttpSignaturePolicy]
22:38:38.171 [graviteeio-node] INFO  i.g.r.a.s.i.s.p.PolicyPluginHandler - Install plugin: generate-http-signature [io.gravitee.policy.generatehttpsignature.GenerateHttpSignaturePolicy]
22:38:38.178 [graviteeio-node] INFO  i.g.n.p.s.h.ServicePluginHandler - Install plugin: auto-fetch [io.gravitee.rest.api.services.fetcher.ScheduledAutoFetchService]
22:38:38.194 [graviteeio-node] INFO  i.g.p.p.internal.PolicyPluginHandler - Install plugin: request-content-limit [io.gravitee.policy.rcl.RequestContentLimitPolicy]
22:38:38.198 [graviteeio-node] INFO  i.g.r.a.s.i.s.p.PolicyPluginHandler - Install plugin: request-content-limit [io.gravitee.policy.rcl.RequestContentLimitPolicy]
22:38:38.202 [graviteeio-node] INFO  i.g.p.p.internal.PolicyPluginHandler - Install plugin: oauth2 [io.gravitee.policy.oauth2.Oauth2Policy]
22:38:38.210 [graviteeio-node] INFO  i.g.r.a.s.i.s.p.PolicyPluginHandler - Install plugin: oauth2 [io.gravitee.policy.oauth2.Oauth2Policy]
22:38:38.219 [graviteeio-node] INFO  i.g.n.p.s.h.ServicePluginHandler - Install plugin: mgmt-service-dictionary [io.gravitee.rest.api.services.dictionary.DictionaryService]
22:38:38.301 [graviteeio-node] INFO  i.g.p.p.internal.PolicyPluginHandler - Install plugin: policy-http-callout [io.gravitee.policy.callout.CalloutHttpPolicy]
22:38:38.307 [graviteeio-node] INFO  i.g.r.a.s.i.s.p.PolicyPluginHandler - Install plugin: policy-http-callout [io.gravitee.policy.callout.CalloutHttpPolicy]
22:38:38.314 [graviteeio-node] INFO  i.g.p.c.internal.PluginRegistryImpl - Plugins have been loaded and installed.
22:38:38.314 [graviteeio-node] INFO  i.g.r.a.s.node.GraviteeApisNode - 	Starting component: ServiceManager
22:38:38.315 [graviteeio-node] INFO  i.g.common.service.AbstractService - Initializing service Plugins - Services Manager
22:38:38.316 [graviteeio-node] INFO  i.g.common.service.AbstractService - Initializing service Search Indexer Service
22:38:38.316 [graviteeio-node] INFO  i.g.r.a.s.s.ScheduledSearchIndexerService - Search Indexer service has been initialized with cron [*/5 * * * * *]
22:38:38.318 [graviteeio-node] INFO  i.g.common.service.AbstractService - Initializing service Subscriptions Refresher Service
22:38:38.318 [graviteeio-node] INFO  i.g.r.a.s.s.ScheduledSubscriptionsService - Subscriptions Refresher service has been initialized with cron [0 1 * * * *]
22:38:38.320 [graviteeio-node] INFO  i.g.r.a.s.s.ScheduledSubscriptionPreExpirationNotificationService - Subscription Pre Expiration Notification service has been initialized with cron [0 0 */1 * * *]
22:38:38.322 [graviteeio-node] INFO  i.g.common.service.AbstractService - Initializing service Dynamic Properties Service
22:38:38.322 [graviteeio-node] INFO  i.g.c.event.impl.EventManagerImpl - Register new listener DynamicPropertiesService for event type class io.gravitee.rest.api.service.event.ApiEvent
22:38:38.323 [graviteeio-node] INFO  i.g.common.service.AbstractService - Initializing service Sync Service
22:38:38.323 [graviteeio-node] INFO  i.g.r.a.s.sync.ScheduledSyncService - Sync service has been initialized with cron [*/5 * * * * *]
22:38:38.324 [graviteeio-node] INFO  i.g.common.service.AbstractService - Initializing service Auto Fetch Service
22:38:38.325 [graviteeio-node] INFO  i.g.r.a.s.f.ScheduledAutoFetchService - Auto Fetch service has been initialized with cron [0 */5 * * * *]
22:38:38.326 [graviteeio-node] INFO  i.g.common.service.AbstractService - Initializing service Dictionary Service
22:38:38.326 [graviteeio-node] INFO  i.g.c.event.impl.EventManagerImpl - Register new listener DictionaryService for event type class io.gravitee.rest.api.service.event.DictionaryEvent
22:38:38.327 [graviteeio-node] INFO  i.g.r.a.s.node.GraviteeApisNode - 	Starting component: ManagementService
22:38:38.328 [graviteeio-node] INFO  i.g.common.service.AbstractService - Initializing service Node Management API service
22:38:38.333 [graviteeio-node] INFO  i.g.r.a.s.node.GraviteeApisNode - 	Starting component: NodeMonitoringEventHandler
22:38:38.334 [graviteeio-node] INFO  i.g.common.service.AbstractService - Initializing service io.gravitee.node.monitoring.handler.NodeMonitoringEventHandler
22:38:38.337 [vert.x-eventloop-thread-7] INFO  i.g.n.m.h.v.v.ManagementVerticle - Start HTTP listener for Node Management API
22:38:38.339 [graviteeio-node] INFO  i.g.r.a.s.node.GraviteeApisNode - 	Starting component: NodeInfosService
22:38:38.340 [graviteeio-node] INFO  i.g.n.m.infos.NodeInfosService - Starting node infos service
22:38:38.340 [graviteeio-node] INFO  i.g.common.service.AbstractService - Initializing service Node Infos Service
22:38:38.351 [graviteeio-node] INFO  i.g.n.m.infos.NodeInfosService - Start node infos service: DONE
22:38:38.351 [graviteeio-node] INFO  i.g.r.a.s.node.GraviteeApisNode - 	Starting component: NodeHealthCheckService
22:38:38.352 [graviteeio-node] INFO  i.g.common.service.AbstractService - Initializing service Node Health-check service
22:38:38.365 [graviteeio-node] INFO  i.g.n.m.h.v.e.ManagementEndpointManagerImpl - Register a new endpoint for Management API: GET /health [io.gravitee.node.monitoring.healthcheck.NodeHealthCheckManagementEndpoint]
22:38:38.368 [graviteeio-node] INFO  i.g.r.a.s.node.GraviteeApisNode - 	Starting component: NodeMonitorService
22:38:38.369 [graviteeio-node] INFO  i.g.common.service.AbstractService - Initializing service Node Monitor Service
22:38:38.369 [vert.x-eventloop-thread-7] INFO  i.g.n.m.h.v.e.ManagementEndpointManagerImpl - Register a new endpoint for Management API: GET / [io.gravitee.node.management.http.node.NodeEndpoint]
22:38:38.370 [vert.x-eventloop-thread-7] INFO  i.g.n.m.h.v.e.ManagementEndpointManagerImpl - Register a new endpoint for Management API: GET /configuration [io.gravitee.node.management.http.configuration.ConfigurationEndpoint]
22:38:38.371 [vert.x-eventloop-thread-7] INFO  i.g.n.m.h.v.v.ManagementVerticle - HTTP listener for Node Management bind to port TCP:18083
22:38:38.529 [graviteeio-node] INFO  i.g.n.m.monitor.NodeMonitorService - Node monitoring scheduled with fixed delay 5000 MILLISECONDS 
22:38:38.530 [graviteeio-node] INFO  i.g.n.m.h.v.e.ManagementEndpointManagerImpl - Register a new endpoint for Management API: GET /monitor [io.gravitee.node.monitoring.monitor.NodeMonitorManagementEndpoint]
22:38:38.530 [graviteeio-node] INFO  i.g.r.a.s.node.GraviteeApisNode - 	Starting component: ReporterManager
22:38:38.531 [graviteeio-node] INFO  i.g.common.service.AbstractService - Initializing service Reporter service
22:38:38.532 [graviteeio-node] INFO  i.g.r.a.s.node.GraviteeApisNode - 	Starting component: KeyStoreLoaderManager
22:38:38.533 [graviteeio-node] INFO  i.g.common.service.AbstractService - Initializing service io.gravitee.node.certificates.KeyStoreLoaderManager
22:38:38.534 [graviteeio-node] INFO  i.g.r.a.s.node.GraviteeApisNode - 	Starting component: InitializerService
22:38:38.535 [graviteeio-node] INFO  i.g.common.service.AbstractService - Initializing service Upgrader service
22:38:38.535 [vert.x-eventloop-thread-1] INFO  i.g.n.r.vertx.ReporterManagerImpl - 	There is no reporter to start
22:38:38.537 [graviteeio-node] INFO  i.g.r.a.s.impl.UpgraderServiceImpl - Running upgrader io.gravitee.rest.api.service.impl.upgrade.DefaultInstallationUpgrader
22:38:38.541 [graviteeio-node] INFO  i.g.r.a.s.i.u.DefaultInstallationUpgrader - Current installation id is [da48887f-f5ad-4667-8888-7ff5ad4667cd]
22:38:38.542 [graviteeio-node] INFO  i.g.r.a.s.impl.UpgraderServiceImpl - Running upgrader io.gravitee.rest.api.service.impl.upgrade.DefaultEnvironmentUpgrader
22:38:38.593 [graviteeio-node] INFO  i.g.r.a.s.impl.UpgraderServiceImpl - Running upgrader io.gravitee.rest.api.service.impl.upgrade.DefaultMetadataUpgrader
22:38:38.621 [graviteeio-node] INFO  i.g.r.a.s.impl.UpgraderServiceImpl - Running upgrader io.gravitee.rest.api.service.impl.upgrade.DefaultDashboardsUpgrader
22:38:38.655 [graviteeio-node] INFO  i.g.r.a.s.impl.UpgraderServiceImpl - Running upgrader io.gravitee.rest.api.service.impl.upgrade.DocumentationSystemFolderUpgrader
22:38:38.661 [graviteeio-node] INFO  i.g.r.a.s.i.u.EnvironmentUpgrader - Starting DocumentationSystemFolderUpgrader for ExecutionContext{organizationId='DEFAULT', environmentId=Optional[DEFAULT]}
22:38:38.706 [graviteeio-node] INFO  i.g.r.a.s.impl.UpgraderServiceImpl - Running upgrader io.gravitee.rest.api.service.impl.upgrade.DefaultOrganizationUpgrader
22:38:38.721 [graviteeio-node] INFO  i.g.r.a.s.impl.UpgraderServiceImpl - Running upgrader io.gravitee.rest.api.service.impl.upgrade.OrphanCategoryUpgrader
22:38:38.726 [graviteeio-node] INFO  i.g.r.a.s.i.upgrade.OneShotUpgrader - Skipping OrphanCategoryUpgrader execution cause it has already been successfully executed
22:38:38.727 [graviteeio-node] INFO  i.g.r.a.s.impl.UpgraderServiceImpl - Running upgrader io.gravitee.rest.api.service.impl.upgrade.DefaultRolesUpgrader
22:38:38.731 [graviteeio-node] INFO  i.g.r.a.s.i.upgrade.OneShotUpgrader - Skipping DefaultRolesUpgrader execution cause it has already been successfully executed
22:38:38.732 [graviteeio-node] INFO  i.g.r.a.s.impl.UpgraderServiceImpl - Running upgrader io.gravitee.rest.api.service.impl.upgrade.DefaultOrganizationAdminRoleUpgrader
22:38:38.744 [graviteeio-node] INFO  i.g.r.a.s.i.u.OrganizationUpgrader - Starting DefaultOrganizationAdminRoleUpgrader for ExecutionContext{organizationId='DEFAULT', environmentId=Optional.empty}
22:38:38.746 [graviteeio-node] INFO  i.g.r.a.service.impl.RoleServiceImpl -       - <ORGANIZATION> ADMIN (system)
22:38:38.766 [graviteeio-node] INFO  i.g.r.a.s.impl.UpgraderServiceImpl - Running upgrader io.gravitee.rest.api.service.impl.upgrade.ApiPrimaryOwnerRemovalUpgrader
22:38:38.849 [graviteeio-node] INFO  i.g.r.a.s.impl.UpgraderServiceImpl - Running upgrader io.gravitee.rest.api.service.impl.upgrade.DefaultCategoryUpgrader
22:38:38.853 [graviteeio-node] INFO  i.g.r.a.s.impl.UpgraderServiceImpl - Running upgrader io.gravitee.rest.api.service.impl.upgrade.DefaultUserStatusUpgrader
22:38:38.857 [graviteeio-node] INFO  i.g.r.a.s.i.u.OrganizationUpgrader - Starting DefaultUserStatusUpgrader for ExecutionContext{organizationId='DEFAULT', environmentId=Optional.empty}
22:38:38.885 [graviteeio-node] INFO  i.g.r.a.s.impl.UpgraderServiceImpl - Running upgrader io.gravitee.rest.api.service.impl.upgrade.CockpitIdUpgrader
22:38:38.947 [graviteeio-node] INFO  i.g.r.a.s.impl.UpgraderServiceImpl - Running upgrader io.gravitee.rest.api.service.impl.upgrade.DefaultPageRevisionUpgrader
22:38:38.974 [graviteeio-node] INFO  i.g.r.a.s.impl.UpgraderServiceImpl - Running upgrader io.gravitee.rest.api.service.impl.upgrade.DefaultParameterUpgrader
22:38:38.974 [graviteeio-node] INFO  i.g.r.a.s.impl.UpgraderServiceImpl - Running upgrader io.gravitee.rest.api.service.impl.upgrade.SearchIndexUpgrader
22:38:39.081 [graviteeio-node] INFO  i.g.r.a.s.impl.UpgraderServiceImpl - Running upgrader io.gravitee.rest.api.service.impl.upgrade.DefaultApiHeaderUpgrader
22:38:39.087 [graviteeio-node] INFO  i.g.r.a.s.i.u.EnvironmentUpgrader - Starting DefaultApiHeaderUpgrader for ExecutionContext{organizationId='DEFAULT', environmentId=Optional[DEFAULT]}
22:38:39.110 [graviteeio-node] INFO  i.g.r.a.s.impl.UpgraderServiceImpl - Running upgrader io.gravitee.rest.api.service.impl.upgrade.IdentityProviderUpgrader
22:38:39.111 [graviteeio-node] INFO  i.g.r.a.s.impl.UpgraderServiceImpl - Running upgrader io.gravitee.rest.api.service.impl.upgrade.DefaultThemeUpgrader
22:38:39.116 [graviteeio-node] INFO  i.g.r.a.s.i.u.EnvironmentUpgrader - Starting DefaultThemeUpgrader for ExecutionContext{organizationId='DEFAULT', environmentId=Optional[DEFAULT]}
22:38:39.167 [graviteeio-node] INFO  i.g.r.a.s.impl.UpgraderServiceImpl - Running upgrader io.gravitee.rest.api.service.impl.upgrade.IdentityProviderActivationUpgrader
22:38:39.177 [graviteeio-node] INFO  i.g.r.a.s.i.u.IdentityProviderActivationUpgrader -     No activation found. Active all idp on all target by default if enabled.
22:38:39.187 [graviteeio-node] INFO  i.g.r.a.s.impl.UpgraderServiceImpl - Running upgrader io.gravitee.rest.api.service.impl.upgrade.ApplicationApiKeyModeUpgrader
22:38:39.192 [graviteeio-node] INFO  i.g.r.a.s.i.upgrade.OneShotUpgrader - Skipping ApplicationApiKeyModeUpgrader execution cause it has already been successfully executed
22:38:39.195 [graviteeio-node] INFO  i.g.r.a.s.impl.UpgraderServiceImpl - Running upgrader io.gravitee.rest.api.service.impl.upgrade.AlertsEnvironmentUpgrader
22:38:39.199 [graviteeio-node] INFO  i.g.r.a.s.i.upgrade.OneShotUpgrader - Skipping AlertsEnvironmentUpgrader execution cause it has already been successfully executed
22:38:39.200 [graviteeio-node] INFO  i.g.r.a.s.impl.UpgraderServiceImpl - Running upgrader io.gravitee.rest.api.service.impl.upgrade.CommandOrganizationUpgrader
22:38:39.206 [graviteeio-node] INFO  i.g.r.a.s.i.upgrade.OneShotUpgrader - Skipping CommandOrganizationUpgrader execution cause it has already been successfully executed
22:38:39.206 [graviteeio-node] INFO  i.g.r.a.s.impl.UpgraderServiceImpl - Running upgrader io.gravitee.rest.api.service.impl.upgrade.PlansDataFixUpgrader
22:38:39.210 [graviteeio-node] INFO  i.g.r.a.s.i.upgrade.OneShotUpgrader - Skipping PlansDataFixUpgrader execution cause it has already been successfully executed
22:38:39.210 [graviteeio-node] INFO  i.g.r.a.s.impl.UpgraderServiceImpl - Running upgrader io.gravitee.rest.api.service.impl.upgrade.ApiKeySubscriptionsUpgrader
22:38:39.214 [graviteeio-node] INFO  i.g.r.a.s.i.upgrade.OneShotUpgrader - Skipping ApiKeySubscriptionsUpgrader execution cause it has already been successfully executed
22:38:39.218 [graviteeio-node] INFO  i.g.r.a.s.impl.UpgraderServiceImpl - Running upgrader io.gravitee.rest.api.service.impl.upgrade.ClientIdInApiKeySubscriptionsUpgrader
22:38:39.221 [graviteeio-node] INFO  i.g.r.a.s.i.upgrade.OneShotUpgrader - Skipping ClientIdInApiKeySubscriptionsUpgrader execution cause it has already been successfully executed
22:38:39.222 [graviteeio-node] INFO  i.g.r.a.s.impl.UpgraderServiceImpl - Running upgrader io.gravitee.rest.api.service.impl.upgrade.ApiLoggingConditionUpgrader
22:38:39.226 [graviteeio-node] INFO  i.g.r.a.s.i.upgrade.OneShotUpgrader - Skipping ApiLoggingConditionUpgrader execution cause it has already been successfully executed
22:38:39.228 [graviteeio-node] INFO  i.g.r.a.s.impl.UpgraderServiceImpl - Running upgrader io.gravitee.rest.api.service.impl.upgrade.PlansFlowsDefinitionUpgrader
22:38:39.232 [graviteeio-node] INFO  i.g.r.a.s.i.upgrade.OneShotUpgrader - Skipping PlansFlowsDefinitionUpgrader execution cause it has already been successfully executed
22:38:39.234 [graviteeio-node] INFO  i.g.r.a.s.node.GraviteeApisNode - 	Starting component: JettyEmbeddedContainer
22:38:39.363 [graviteeio-node] INFO  org.eclipse.jetty.server.Server - jetty-9.4.44.v20210927; built: 2021-09-27T23:02:44.612Z; git: 8da83308eeca865e495e53ef315a249d63ba9332; jvm 17.0.5+8
22:38:39.418 [graviteeio-node] INFO  o.e.jetty.server.RequestLogWriter - Opened /opt/graviteeio-management-api/logs/gravitee_accesslog_2024_09_02.log
22:38:39.449 [graviteeio-node] INFO  org.eclipse.jetty.server.session - DefaultSessionIdManager workerName=node0
22:38:39.449 [graviteeio-node] INFO  org.eclipse.jetty.server.session - No SessionScavenger set, using defaults
22:38:39.452 [graviteeio-node] INFO  org.eclipse.jetty.server.session - node0 Scavenging every 600000ms
22:38:39.464 [graviteeio-node] INFO  o.e.j.s.h.ContextHandler.portal - Initializing Spring root WebApplicationContext
22:38:39.613 [graviteeio-node] INFO  i.g.r.a.s.a.i.AuthenticationProviderManagerImpl - Loading authentication providers
22:38:39.667 [graviteeio-node] INFO  i.g.r.a.p.s.c.BasicSecurityConfigurerAdapter - --------------------------------------------------------------
22:38:39.667 [graviteeio-node] INFO  i.g.r.a.p.s.c.BasicSecurityConfigurerAdapter - Portal API BasicSecurity Config
22:38:39.667 [graviteeio-node] INFO  i.g.r.a.p.s.c.BasicSecurityConfigurerAdapter - Loading authentication identity providers for Basic authentication
22:38:39.668 [graviteeio-node] INFO  i.g.r.a.p.s.c.BasicSecurityConfigurerAdapter - Loading authentication provider of type memory at position 0
22:38:39.734 [graviteeio-node] INFO  i.g.r.a.p.s.c.BasicSecurityConfigurerAdapter - Loading authentication provider of type gravitee at position 1
22:38:39.761 [graviteeio-node] INFO  i.g.r.a.p.s.c.BasicSecurityConfigurerAdapter - --------------------------------------------------------------
22:38:39.986 [graviteeio-node] WARN  i.g.r.a.p.s.c.BasicSecurityConfigurerAdapter - 
22:38:39.988 [graviteeio-node] WARN  i.g.r.a.p.s.c.BasicSecurityConfigurerAdapter - ##############################################################
22:38:39.988 [graviteeio-node] WARN  i.g.r.a.p.s.c.BasicSecurityConfigurerAdapter - #                      SECURITY WARNING                      #
22:38:39.989 [graviteeio-node] WARN  i.g.r.a.p.s.c.BasicSecurityConfigurerAdapter - ##############################################################
22:38:39.989 [graviteeio-node] WARN  i.g.r.a.p.s.c.BasicSecurityConfigurerAdapter - 
22:38:39.991 [graviteeio-node] WARN  i.g.r.a.p.s.c.BasicSecurityConfigurerAdapter - You still use the default jwt secret.
22:38:39.991 [graviteeio-node] WARN  i.g.r.a.p.s.c.BasicSecurityConfigurerAdapter - This known secret can be used to impersonate anyone.
22:38:39.992 [graviteeio-node] WARN  i.g.r.a.p.s.c.BasicSecurityConfigurerAdapter - Please change this value, or ask your administrator to do it !
22:38:39.996 [graviteeio-node] WARN  i.g.r.a.p.s.c.BasicSecurityConfigurerAdapter - 
22:38:39.999 [graviteeio-node] WARN  i.g.r.a.p.s.c.BasicSecurityConfigurerAdapter - ##############################################################
22:38:39.999 [graviteeio-node] WARN  i.g.r.a.p.s.c.BasicSecurityConfigurerAdapter - 
22:38:40.372 [sync-1] INFO  i.g.r.api.services.sync.ApiManager - Deployment of ApiEntity(id=770cc3e1-0092-4f9b-8cc3-e100929f9bdf, crossId=8f7939e1-d09d-4d95-b939-e1d09d9d9583, environmentId=DEFAULT, name=ERP, version=1.0, description=Laboratrio DEV - Backend ERP, executionMode=V3, groups=[], contextPath=/erp, proxy=io.gravitee.definition.model.Proxy@4ae15c1d, flowMode=DEFAULT, paths=null, flows=[io.gravitee.definition.model.flow.Flow@3f93c3c2, io.gravitee.definition.model.flow.Flow@d2df0e2, io.gravitee.definition.model.flow.Flow@24dcb320, io.gravitee.definition.model.flow.Flow@649d0212, io.gravitee.definition.model.flow.Flow@45b15090, io.gravitee.definition.model.flow.Flow@27f90224, io.gravitee.definition.model.flow.Flow@667df048, io.gravitee.definition.model.flow.Flow@6a7cf307, io.gravitee.definition.model.flow.Flow@25061b08, io.gravitee.definition.model.flow.Flow@4a01d5ae, io.gravitee.definition.model.flow.Flow@43f78316, io.gravitee.definition.model.flow.Flow@4e9eb4a4, io.gravitee.definition.model.flow.Flow@5b553824, io.gravitee.definition.model.flow.Flow@1f3d3a45, io.gravitee.definition.model.flow.Flow@60adf587, io.gravitee.definition.model.flow.Flow@5b2d46a2, io.gravitee.definition.model.flow.Flow@294bc1fb, io.gravitee.definition.model.flow.Flow@5fd22985, io.gravitee.definition.model.flow.Flow@505cfe35, io.gravitee.definition.model.flow.Flow@6175baca, io.gravitee.definition.model.flow.Flow@16c6eb06, io.gravitee.definition.model.flow.Flow@5816665a, io.gravitee.definition.model.flow.Flow@6f0c863b, io.gravitee.definition.model.flow.Flow@2363c2fa, io.gravitee.definition.model.flow.Flow@25c934b, io.gravitee.definition.model.flow.Flow@691301ec, io.gravitee.definition.model.flow.Flow@62256fab, io.gravitee.definition.model.flow.Flow@5fec0507, io.gravitee.definition.model.flow.Flow@39cc137a, io.gravitee.definition.model.flow.Flow@482169ce, io.gravitee.definition.model.flow.Flow@1301f56, io.gravitee.definition.model.flow.Flow@3e4bf64a, io.gravitee.definition.model.flow.Flow@6745653a, io.gravitee.definition.model.flow.Flow@24e91f05, io.gravitee.definition.model.flow.Flow@25226e61, io.gravitee.definition.model.flow.Flow@44ba2529, io.gravitee.definition.model.flow.Flow@89ae431, io.gravitee.definition.model.flow.Flow@6467d310, io.gravitee.definition.model.flow.Flow@5280e89b, io.gravitee.definition.model.flow.Flow@47060c8f, io.gravitee.definition.model.flow.Flow@18e2c332, io.gravitee.definition.model.flow.Flow@42477c6d, io.gravitee.definition.model.flow.Flow@1756908e, io.gravitee.definition.model.flow.Flow@60c3849f, io.gravitee.definition.model.flow.Flow@6eb630e6, io.gravitee.definition.model.flow.Flow@17eb8d49, io.gravitee.definition.model.flow.Flow@349aadda, io.gravitee.definition.model.flow.Flow@488130aa, io.gravitee.definition.model.flow.Flow@176f185c, io.gravitee.definition.model.flow.Flow@5c255e3d, io.gravitee.definition.model.flow.Flow@3d30cc1e, io.gravitee.definition.model.flow.Flow@7cf5af72, io.gravitee.definition.model.flow.Flow@1337e548, io.gravitee.definition.model.flow.Flow@651595a5, io.gravitee.definition.model.flow.Flow@5efef525, io.gravitee.definition.model.flow.Flow@f215fb7, io.gravitee.definition.model.flow.Flow@2310f6be, io.gravitee.definition.model.flow.Flow@6a61e7c4, io.gravitee.definition.model.flow.Flow@431f6070, io.gravitee.definition.model.flow.Flow@46465343, io.gravitee.definition.model.flow.Flow@62c7e833, io.gravitee.definition.model.flow.Flow@7fd6c68, io.gravitee.definition.model.flow.Flow@3f598007, io.gravitee.definition.model.flow.Flow@4b7110e4, io.gravitee.definition.model.flow.Flow@162affc9, io.gravitee.definition.model.flow.Flow@7ad84f48, io.gravitee.definition.model.flow.Flow@972a1ac, io.gravitee.definition.model.flow.Flow@4ac77656, io.gravitee.definition.model.flow.Flow@b520c70, io.gravitee.definition.model.flow.Flow@3348b05d, io.gravitee.definition.model.flow.Flow@2f2b0859, io.gravitee.definition.model.flow.Flow@5eafbe2c, io.gravitee.definition.model.flow.Flow@45851805, io.gravitee.definition.model.flow.Flow@333992b0, io.gravitee.definition.model.flow.Flow@44272d4e, io.gravitee.definition.model.flow.Flow@67dab538, io.gravitee.definition.model.flow.Flow@a72ccf6, io.gravitee.definition.model.flow.Flow@75a1631a, io.gravitee.definition.model.flow.Flow@8116dbd, io.gravitee.definition.model.flow.Flow@3ad06af2, io.gravitee.definition.model.flow.Flow@26d91422, io.gravitee.definition.model.flow.Flow@589e0a50], plans=[], graviteeDefinitionVersion=2.0.0, definitionContext=io.gravitee.definition.model.DefinitionContext@5b61f87b, deployedAt=Wed Aug 14 01:07:55 GMT 2024, createdAt=Tue Aug 13 23:52:45 GMT 2024, updatedAt=Wed Aug 14 01:07:55 GMT 2024, visibility=PRIVATE, state=STARTED, primaryOwner=io.gravitee.rest.api.model.PrimaryOwnerEntity@62df9e1f, properties=io.gravitee.definition.model.Properties@cc9fe62, services=io.gravitee.definition.model.services.Services@24ada921, tags=[], picture=null, pictureUrl=null, resources=[], categories=null, labels=[], pathMappings=[/roles, /os/:uuid, /clientes/findByDocumento/:documento, /servicos, /findAddressByCep/:cep, /fornecedores, /servicos/:uuid, /projetos/:uuid, /colaboradores/findByNameOffice/:nomeCargo, /clientes/findByEmail/:email, /usuarios/:uuid, /setores, /fornecedores/findByEmail/:email, /usuarios/settings/me, /os, /empresa/logomarca, /clientes/:uuid, /financeiro/resumo/totais, /projetos, /financeiro/parcela/download-comprovante/:comprovante, /auth/signup, /projetos-atividades/:uuid, /colaboradores/cargos, /clientes, /financeiro, /contratos/:uuid, /usuarios/roles/getRolesByUserUuid/:uuid, /colaboradores/cargos/listar, /contratos, /financeiro/:uuid, /projetos-atividades, /financeiro/notification/invoicePending, /colaboradores/findByDocumento/:documento, /colaboradores/findByEmail/:email, /usuarios/roles/:uuid, /usuarios, /projetos-atividades/find-by-projeto/:uuid, /colaboradores/:uuid, /modulos, /auth/login, /empresa, /setores/:uuid, /colaboradores, /fornecedores/:uuid, /financeiro/parcela/alterar-situacao], metadata={}, responseTemplates={}, lifecycleState=PUBLISHED, workflowState=null, disableMembershipNotifications=false, entrypoints=null, background=null, backgroundUrl=null, referenceType=ENVIRONMENT, referenceId=DEFAULT)
22:38:40.546 [sync-1] INFO  i.g.r.a.s.d.DynamicPropertiesService - 770cc3e1-0092-4f9b-8cc3-e100929f9bdf Dynamic properties service is disabled for API: ERP [1.0]
22:38:40.567 [sync-1] INFO  i.g.r.api.services.sync.ApiManager - Deployment of ApiEntity(id=ebe18828-e837-4c26-a188-28e837bc26a1, crossId=null, environmentId=DEFAULT, name=web, version=1.0.0, description=web, executionMode=V3, groups=[], contextPath=/web, proxy=io.gravitee.definition.model.Proxy@2db1cafb, flowMode=DEFAULT, paths=null, flows=[], plans=[], graviteeDefinitionVersion=2.0.0, definitionContext=io.gravitee.definition.model.DefinitionContext@33eb0100, deployedAt=Mon Aug 19 00:40:32 GMT 2024, createdAt=Sun Aug 18 23:53:03 GMT 2024, updatedAt=Mon Aug 19 00:40:32 GMT 2024, visibility=PUBLIC, state=STARTED, primaryOwner=io.gravitee.rest.api.model.PrimaryOwnerEntity@1e21414e, properties=io.gravitee.definition.model.Properties@476cbead, services=io.gravitee.definition.model.services.Services@642952a9, tags=[], picture=null, pictureUrl=null, resources=[], categories=null, labels=null, pathMappings=[], metadata={}, responseTemplates={}, lifecycleState=PUBLISHED, workflowState=null, disableMembershipNotifications=false, entrypoints=null, background=null, backgroundUrl=null, referenceType=ENVIRONMENT, referenceId=DEFAULT)
22:38:40.568 [sync-1] INFO  i.g.r.a.s.d.DynamicPropertiesService - ebe18828-e837-4c26-a188-28e837bc26a1 Dynamic properties service is disabled for API: web [1.0.0]
22:38:40.605 [sync-1] INFO  i.g.r.api.services.sync.ApiManager - Deployment of ApiEntity(id=2c0ec2a2-06b4-44c5-8ec2-a206b4b4c518, crossId=null, environmentId=DEFAULT, name=bookshop, version=1.0.0, description=A simple bookshop API, executionMode=V3, groups=null, contextPath=/bookshop, proxy=io.gravitee.definition.model.Proxy@462c9e81, flowMode=DEFAULT, paths=null, flows=[io.gravitee.definition.model.flow.Flow@42aa7e27, io.gravitee.definition.model.flow.Flow@b9580fd, io.gravitee.definition.model.flow.Flow@1edf4b32, io.gravitee.definition.model.flow.Flow@3ca506fe, io.gravitee.definition.model.flow.Flow@2def0c0b, io.gravitee.definition.model.flow.Flow@a5ae323, io.gravitee.definition.model.flow.Flow@6e38af81], plans=[], graviteeDefinitionVersion=2.0.0, definitionContext=io.gravitee.definition.model.DefinitionContext@7a3ec64e, deployedAt=Tue Aug 13 01:10:21 GMT 2024, createdAt=Sun Aug 11 00:12:41 GMT 2024, updatedAt=Tue Aug 13 01:10:21 GMT 2024, visibility=PUBLIC, state=STARTED, primaryOwner=io.gravitee.rest.api.model.PrimaryOwnerEntity@2f640256, properties=io.gravitee.definition.model.Properties@727abf62, services=io.gravitee.definition.model.services.Services@5995520b, tags=[], picture=null, pictureUrl=null, resources=[], categories=null, labels=null, pathMappings=[/orders, /books/:id, /orders/:id, /books], metadata={}, responseTemplates={}, lifecycleState=PUBLISHED, workflowState=null, disableMembershipNotifications=false, entrypoints=null, background=null, backgroundUrl=null, referenceType=ENVIRONMENT, referenceId=DEFAULT)
22:38:40.606 [sync-1] INFO  i.g.r.a.s.d.DynamicPropertiesService - 2c0ec2a2-06b4-44c5-8ec2-a206b4b4c518 Dynamic properties service is disabled for API: bookshop [1.0.0]
22:38:42.516 [graviteeio-node] INFO  o.e.j.server.handler.ContextHandler - Started o.e.j.s.ServletContextHandler@e2931b1{/portal,null,AVAILABLE}
22:38:42.517 [graviteeio-node] INFO  o.e.j.s.h.ContextHandler.management - Initializing Spring root WebApplicationContext
22:38:42.552 [graviteeio-node] INFO  i.g.r.a.s.a.i.AuthenticationProviderManagerImpl - Loading authentication providers
22:38:42.565 [graviteeio-node] INFO  i.g.r.a.m.s.c.BasicSecurityConfigurerAdapter - --------------------------------------------------------------
22:38:42.566 [graviteeio-node] INFO  i.g.r.a.m.s.c.BasicSecurityConfigurerAdapter - Management API BasicSecurity Config
22:38:42.566 [graviteeio-node] INFO  i.g.r.a.m.s.c.BasicSecurityConfigurerAdapter - Loading authentication identity providers for Basic authentication
22:38:42.567 [graviteeio-node] INFO  i.g.r.a.m.s.c.BasicSecurityConfigurerAdapter - Loading authentication provider of type memory at position 0
22:38:42.585 [graviteeio-node] INFO  i.g.r.a.m.s.c.BasicSecurityConfigurerAdapter - Loading authentication provider of type gravitee at position 1
22:38:42.599 [graviteeio-node] INFO  i.g.r.a.m.s.c.BasicSecurityConfigurerAdapter - --------------------------------------------------------------
22:38:42.601 [graviteeio-node] WARN  i.g.r.a.m.s.c.BasicSecurityConfigurerAdapter - 
22:38:42.601 [graviteeio-node] WARN  i.g.r.a.m.s.c.BasicSecurityConfigurerAdapter - ##############################################################
22:38:42.601 [graviteeio-node] WARN  i.g.r.a.m.s.c.BasicSecurityConfigurerAdapter - #                      SECURITY WARNING                      #
22:38:42.602 [graviteeio-node] WARN  i.g.r.a.m.s.c.BasicSecurityConfigurerAdapter - ##############################################################
22:38:42.602 [graviteeio-node] WARN  i.g.r.a.m.s.c.BasicSecurityConfigurerAdapter - 
22:38:42.602 [graviteeio-node] WARN  i.g.r.a.m.s.c.BasicSecurityConfigurerAdapter - You still use the default jwt secret.
22:38:42.603 [graviteeio-node] WARN  i.g.r.a.m.s.c.BasicSecurityConfigurerAdapter - This known secret can be used to impersonate anyone.
22:38:42.603 [graviteeio-node] WARN  i.g.r.a.m.s.c.BasicSecurityConfigurerAdapter - Please change this value, or ask your administrator to do it !
22:38:42.603 [graviteeio-node] WARN  i.g.r.a.m.s.c.BasicSecurityConfigurerAdapter - 
22:38:42.604 [graviteeio-node] WARN  i.g.r.a.m.s.c.BasicSecurityConfigurerAdapter - ##############################################################
22:38:42.604 [graviteeio-node] WARN  i.g.r.a.m.s.c.BasicSecurityConfigurerAdapter - 
22:38:42.899 [graviteeio-node] INFO  o.e.j.server.handler.ContextHandler - Started o.e.j.s.ServletContextHandler@82da5c9{/management,null,AVAILABLE}
22:38:42.911 [graviteeio-node] INFO  o.e.jetty.server.AbstractConnector - Started ServerConnector@54033a65{HTTP/1.1, (http/1.1)}{0.0.0.0:8083}
22:38:42.911 [graviteeio-node] INFO  org.eclipse.jetty.server.Server - Started @42741ms
22:38:42.912 [graviteeio-node] INFO  i.g.r.a.s.node.GraviteeApisNode - 	Starting component: AlertTriggerProviderManager
22:38:42.912 [graviteeio-node] INFO  i.g.common.service.AbstractService - Initializing service Alert Engine - Trigger provider manager
22:38:42.914 [graviteeio-node] INFO  i.g.a.connector.ws.WsTriggerProvider - AlertEngine connector is enabled. Starting connector.
22:38:42.920 [graviteeio-node] INFO  i.g.a.c.ws.WebSocketConnector - AlertEngine connector is disabled.
22:38:42.920 [graviteeio-node] INFO  i.g.r.a.s.node.GraviteeApisNode - 	Starting component: AlertEventProducerManager
22:38:42.921 [graviteeio-node] INFO  i.g.common.service.AbstractService - Initializing service Alert Engine - Event producer
22:38:42.927 [graviteeio-node] INFO  i.g.ae.connector.ws.WsEventProducer - AlertEngine connector is enabled. Starting connector.
22:38:42.929 [graviteeio-node] INFO  i.g.ae.connector.ws.HttpConnector - AlertEngine connector is disabled.
22:38:42.946 [graviteeio-node] INFO  i.g.r.a.s.node.GraviteeApisNode - Gravitee.io - Rest APIs id[a6bde057-5bb9-48a0-bde0-575bb918a024] version[3.20.13] pid[1] build[383732#8db1c24a3a] jvm[Eclipse Adoptium/OpenJDK 64-Bit Server VM/17.0.5+8] started in 26451 ms.
22:38:43.048 [RxComputationThreadPool-7] WARN  i.g.ae.connector.ws.WsEventProducer - An error occurred trying to send events: The connector is not yet ready
