22:38:38.541 [graviteeio-node] INFO  i.g.r.a.s.i.u.DefaultInstallationUpgrader - Current installation id is [da48887f-f5ad-4667-8888-7ff5ad4667cd]
22:38:38.661 [graviteeio-node] INFO  i.g.r.a.s.i.u.EnvironmentUpgrader - Starting DocumentationSystemFolderUpgrader for ExecutionContext{organizationId='DEFAULT', environmentId=Optional[DEFAULT]}
22:38:38.726 [graviteeio-node] INFO  i.g.r.a.s.i.upgrade.OneShotUpgrader - Skipping OrphanCategoryUpgrader execution cause it has already been successfully executed
22:38:38.731 [graviteeio-node] INFO  i.g.r.a.s.i.upgrade.OneShotUpgrader - Skipping DefaultRolesUpgrader execution cause it has already been successfully executed
22:38:38.744 [graviteeio-node] INFO  i.g.r.a.s.i.u.OrganizationUpgrader - Starting DefaultOrganizationAdminRoleUpgrader for ExecutionContext{organizationId='DEFAULT', environmentId=Optional.empty}
22:38:38.857 [graviteeio-node] INFO  i.g.r.a.s.i.u.OrganizationUpgrader - Starting DefaultUserStatusUpgrader for ExecutionContext{organizationId='DEFAULT', environmentId=Optional.empty}
22:38:39.087 [graviteeio-node] INFO  i.g.r.a.s.i.u.EnvironmentUpgrader - Starting DefaultApiHeaderUpgrader for ExecutionContext{organizationId='DEFAULT', environmentId=Optional[DEFAULT]}
22:38:39.116 [graviteeio-node] INFO  i.g.r.a.s.i.u.EnvironmentUpgrader - Starting DefaultThemeUpgrader for ExecutionContext{organizationId='DEFAULT', environmentId=Optional[DEFAULT]}
22:38:39.177 [graviteeio-node] INFO  i.g.r.a.s.i.u.IdentityProviderActivationUpgrader -     No activation found. Active all idp on all target by default if enabled.
22:38:39.192 [graviteeio-node] INFO  i.g.r.a.s.i.upgrade.OneShotUpgrader - Skipping ApplicationApiKeyModeUpgrader execution cause it has already been successfully executed
22:38:39.199 [graviteeio-node] INFO  i.g.r.a.s.i.upgrade.OneShotUpgrader - Skipping AlertsEnvironmentUpgrader execution cause it has already been successfully executed
22:38:39.206 [graviteeio-node] INFO  i.g.r.a.s.i.upgrade.OneShotUpgrader - Skipping CommandOrganizationUpgrader execution cause it has already been successfully executed
22:38:39.210 [graviteeio-node] INFO  i.g.r.a.s.i.upgrade.OneShotUpgrader - Skipping PlansDataFixUpgrader execution cause it has already been successfully executed
22:38:39.214 [graviteeio-node] INFO  i.g.r.a.s.i.upgrade.OneShotUpgrader - Skipping ApiKeySubscriptionsUpgrader execution cause it has already been successfully executed
22:38:39.221 [graviteeio-node] INFO  i.g.r.a.s.i.upgrade.OneShotUpgrader - Skipping ClientIdInApiKeySubscriptionsUpgrader execution cause it has already been successfully executed
22:38:39.226 [graviteeio-node] INFO  i.g.r.a.s.i.upgrade.OneShotUpgrader - Skipping ApiLoggingConditionUpgrader execution cause it has already been successfully executed
22:38:39.232 [graviteeio-node] INFO  i.g.r.a.s.i.upgrade.OneShotUpgrader - Skipping PlansFlowsDefinitionUpgrader execution cause it has already been successfully executed

00:27:31.392 [graviteeio-node] INFO  i.g.r.a.s.i.u.DefaultInstallationUpgrader - Current installation id is [da48887f-f5ad-4667-8888-7ff5ad4667cd]
00:27:31.625 [graviteeio-node] INFO  i.g.r.a.s.i.u.EnvironmentUpgrader - Starting DocumentationSystemFolderUpgrader for ExecutionContext{organizationId='DEFAULT', environmentId=Optional[DEFAULT]}
00:27:31.773 [graviteeio-node] INFO  i.g.r.a.s.i.upgrade.OneShotUpgrader - Skipping OrphanCategoryUpgrader execution cause it has already been successfully executed
00:27:31.780 [graviteeio-node] INFO  i.g.r.a.s.i.upgrade.OneShotUpgrader - Skipping DefaultRolesUpgrader execution cause it has already been successfully executed
00:27:31.800 [graviteeio-node] INFO  i.g.r.a.s.i.u.OrganizationUpgrader - Starting DefaultOrganizationAdminRoleUpgrader for ExecutionContext{organizationId='DEFAULT', environmentId=Optional.empty}
00:27:31.964 [graviteeio-node] INFO  i.g.r.a.s.i.u.OrganizationUpgrader - Starting DefaultUserStatusUpgrader for ExecutionContext{organizationId='DEFAULT', environmentId=Optional.empty}
00:27:32.339 [graviteeio-node] INFO  i.g.r.a.s.i.u.EnvironmentUpgrader - Starting DefaultApiHeaderUpgrader for ExecutionContext{organizationId='DEFAULT', environmentId=Optional[DEFAULT]}
00:27:32.382 [graviteeio-node] INFO  i.g.r.a.s.i.u.EnvironmentUpgrader - Starting DefaultThemeUpgrader for ExecutionContext{organizationId='DEFAULT', environmentId=Optional[DEFAULT]}
00:27:32.447 [graviteeio-node] INFO  i.g.r.a.s.i.u.IdentityProviderActivationUpgrader -     No activation found. Active all idp on all target by default if enabled.
00:27:32.462 [graviteeio-node] INFO  i.g.r.a.s.i.upgrade.OneShotUpgrader - Skipping ApplicationApiKeyModeUpgrader execution cause it has already been successfully executed
00:27:32.471 [graviteeio-node] INFO  i.g.r.a.s.i.upgrade.OneShotUpgrader - Skipping AlertsEnvironmentUpgrader execution cause it has already been successfully executed
00:27:32.485 [graviteeio-node] INFO  i.g.r.a.s.i.upgrade.OneShotUpgrader - Skipping CommandOrganizationUpgrader execution cause it has already been successfully executed
00:27:32.493 [graviteeio-node] INFO  i.g.r.a.s.i.upgrade.OneShotUpgrader - Skipping PlansDataFixUpgrader execution cause it has already been successfully executed
00:27:32.500 [graviteeio-node] INFO  i.g.r.a.s.i.upgrade.OneShotUpgrader - Skipping ApiKeySubscriptionsUpgrader execution cause it has already been successfully executed
00:27:32.505 [graviteeio-node] INFO  i.g.r.a.s.i.upgrade.OneShotUpgrader - Skipping ClientIdInApiKeySubscriptionsUpgrader execution cause it has already been successfully executed
00:27:32.515 [graviteeio-node] INFO  i.g.r.a.s.i.upgrade.OneShotUpgrader - Skipping ApiLoggingConditionUpgrader execution cause it has already been successfully executed
00:27:32.524 [graviteeio-node] INFO  i.g.r.a.s.i.upgrade.OneShotUpgrader - Skipping PlansFlowsDefinitionUpgrader execution cause it has already been successfully executed
00:45:41.787 [graviteeio-node] INFO  i.g.r.a.s.i.u.DefaultInstallationUpgrader - Current installation id is [da48887f-f5ad-4667-8888-7ff5ad4667cd]
00:45:41.894 [graviteeio-node] INFO  i.g.r.a.s.i.u.EnvironmentUpgrader - Starting DocumentationSystemFolderUpgrader for ExecutionContext{organizationId='DEFAULT', environmentId=Optional[DEFAULT]}
00:45:41.961 [graviteeio-node] INFO  i.g.r.a.s.i.upgrade.OneShotUpgrader - Skipping OrphanCategoryUpgrader execution cause it has already been successfully executed
00:45:41.966 [graviteeio-node] INFO  i.g.r.a.s.i.upgrade.OneShotUpgrader - Skipping DefaultRolesUpgrader execution cause it has already been successfully executed
00:45:41.977 [graviteeio-node] INFO  i.g.r.a.s.i.u.OrganizationUpgrader - Starting DefaultOrganizationAdminRoleUpgrader for ExecutionContext{organizationId='DEFAULT', environmentId=Optional.empty}
00:45:42.062 [graviteeio-node] INFO  i.g.r.a.s.i.u.OrganizationUpgrader - Starting DefaultUserStatusUpgrader for ExecutionContext{organizationId='DEFAULT', environmentId=Optional.empty}
00:45:42.280 [graviteeio-node] INFO  i.g.r.a.s.i.u.EnvironmentUpgrader - Starting DefaultApiHeaderUpgrader for ExecutionContext{organizationId='DEFAULT', environmentId=Optional[DEFAULT]}
00:45:42.307 [graviteeio-node] INFO  i.g.r.a.s.i.u.EnvironmentUpgrader - Starting DefaultThemeUpgrader for ExecutionContext{organizationId='DEFAULT', environmentId=Optional[DEFAULT]}
00:45:42.364 [graviteeio-node] INFO  i.g.r.a.s.i.u.IdentityProviderActivationUpgrader -     No activation found. Active all idp on all target by default if enabled.
00:45:42.373 [graviteeio-node] INFO  i.g.r.a.s.i.upgrade.OneShotUpgrader - Skipping ApplicationApiKeyModeUpgrader execution cause it has already been successfully executed
00:45:42.377 [graviteeio-node] INFO  i.g.r.a.s.i.upgrade.OneShotUpgrader - Skipping AlertsEnvironmentUpgrader execution cause it has already been successfully executed
00:45:42.384 [graviteeio-node] INFO  i.g.r.a.s.i.upgrade.OneShotUpgrader - Skipping CommandOrganizationUpgrader execution cause it has already been successfully executed
00:45:42.388 [graviteeio-node] INFO  i.g.r.a.s.i.upgrade.OneShotUpgrader - Skipping PlansDataFixUpgrader execution cause it has already been successfully executed
00:45:42.393 [graviteeio-node] INFO  i.g.r.a.s.i.upgrade.OneShotUpgrader - Skipping ApiKeySubscriptionsUpgrader execution cause it has already been successfully executed
00:45:42.397 [graviteeio-node] INFO  i.g.r.a.s.i.upgrade.OneShotUpgrader - Skipping ClientIdInApiKeySubscriptionsUpgrader execution cause it has already been successfully executed
00:45:42.401 [graviteeio-node] INFO  i.g.r.a.s.i.upgrade.OneShotUpgrader - Skipping ApiLoggingConditionUpgrader execution cause it has already been successfully executed
00:45:42.405 [graviteeio-node] INFO  i.g.r.a.s.i.upgrade.OneShotUpgrader - Skipping PlansFlowsDefinitionUpgrader execution cause it has already been successfully executed
00:29:17.060 [graviteeio-node] INFO  i.g.r.a.s.i.u.DefaultInstallationUpgrader - Current installation id is [da48887f-f5ad-4667-8888-7ff5ad4667cd]
00:29:17.437 [graviteeio-node] INFO  i.g.r.a.s.i.u.EnvironmentUpgrader - Starting DocumentationSystemFolderUpgrader for ExecutionContext{organizationId='DEFAULT', environmentId=Optional[DEFAULT]}
00:29:17.643 [graviteeio-node] INFO  i.g.r.a.s.i.upgrade.OneShotUpgrader - Skipping OrphanCategoryUpgrader execution cause it has already been successfully executed
00:29:17.683 [graviteeio-node] INFO  i.g.r.a.s.i.upgrade.OneShotUpgrader - Skipping DefaultRolesUpgrader execution cause it has already been successfully executed
00:29:17.703 [graviteeio-node] INFO  i.g.r.a.s.i.u.OrganizationUpgrader - Starting DefaultOrganizationAdminRoleUpgrader for ExecutionContext{organizationId='DEFAULT', environmentId=Optional.empty}
00:29:17.951 [graviteeio-node] INFO  i.g.r.a.s.i.u.OrganizationUpgrader - Starting DefaultUserStatusUpgrader for ExecutionContext{organizationId='DEFAULT', environmentId=Optional.empty}
00:29:18.674 [graviteeio-node] INFO  i.g.r.a.s.i.u.EnvironmentUpgrader - Starting DefaultApiHeaderUpgrader for ExecutionContext{organizationId='DEFAULT', environmentId=Optional[DEFAULT]}
00:29:18.841 [graviteeio-node] INFO  i.g.r.a.s.i.u.EnvironmentUpgrader - Starting DefaultThemeUpgrader for ExecutionContext{organizationId='DEFAULT', environmentId=Optional[DEFAULT]}
00:29:19.110 [graviteeio-node] INFO  i.g.r.a.s.i.u.IdentityProviderActivationUpgrader -     No activation found. Active all idp on all target by default if enabled.
00:29:19.157 [graviteeio-node] INFO  i.g.r.a.s.i.upgrade.OneShotUpgrader - Skipping ApplicationApiKeyModeUpgrader execution cause it has already been successfully executed
00:29:19.196 [graviteeio-node] INFO  i.g.r.a.s.i.upgrade.OneShotUpgrader - Skipping AlertsEnvironmentUpgrader execution cause it has already been successfully executed
00:29:19.286 [graviteeio-node] INFO  i.g.r.a.s.i.upgrade.OneShotUpgrader - Skipping CommandOrganizationUpgrader execution cause it has already been successfully executed
00:29:19.323 [graviteeio-node] INFO  i.g.r.a.s.i.upgrade.OneShotUpgrader - Skipping PlansDataFixUpgrader execution cause it has already been successfully executed
00:29:19.379 [graviteeio-node] INFO  i.g.r.a.s.i.upgrade.OneShotUpgrader - Skipping ApiKeySubscriptionsUpgrader execution cause it has already been successfully executed
00:29:19.446 [graviteeio-node] INFO  i.g.r.a.s.i.upgrade.OneShotUpgrader - Skipping ClientIdInApiKeySubscriptionsUpgrader execution cause it has already been successfully executed
00:29:19.470 [graviteeio-node] INFO  i.g.r.a.s.i.upgrade.OneShotUpgrader - Skipping ApiLoggingConditionUpgrader execution cause it has already been successfully executed
00:29:19.536 [graviteeio-node] INFO  i.g.r.a.s.i.upgrade.OneShotUpgrader - Skipping PlansFlowsDefinitionUpgrader execution cause it has already been successfully executed
